<?xml version="1.0" encoding="UTF-8"?>
<robot generator="Robot 3.2.2 (Python 3.8.5 on linux)" generated="20210303 16:01:48.283" rpa="false">
<suite id="s1" name="TestCases" source="/home/roshan/workspace/TestingInPython/TaskManagerTesting/TestCases">
<suite id="s1-s1" name="01 Register Test Case" source="/home/roshan/workspace/TestingInPython/TaskManagerTesting/TestCases/01_Register_Test_Case.robot">
<kw name="Open My Browser" library="Task_Resources" type="setup">
<arguments>
<arg>${URL}</arg>
</arguments>
<kw name="Evaluate" library="BuiltIn">
<doc>Evaluates the given expression in Python and returns the result.</doc>
<arguments>
<arg>sys.modules['selenium.webdriver'].ChromeOptions()</arg>
<arg>sys</arg>
</arguments>
<assign>
<var>${chrome_options}</var>
</assign>
<msg timestamp="20210303 16:01:48.774" level="INFO">${chrome_options} = &lt;selenium.webdriver.chrome.options.Options object at 0x7f0000b59550&gt;</msg>
<status status="PASS" starttime="20210303 16:01:48.773" endtime="20210303 16:01:48.774"></status>
</kw>
<kw name="Call Method" library="BuiltIn">
<doc>Calls the named method of the given object with the provided arguments.</doc>
<arguments>
<arg>${chrome_options}</arg>
<arg>add_argument</arg>
<arg>--disable-dev-shm-usage</arg>
</arguments>
<status status="PASS" starttime="20210303 16:01:48.774" endtime="20210303 16:01:48.774"></status>
</kw>
<kw name="Call Method" library="BuiltIn">
<doc>Calls the named method of the given object with the provided arguments.</doc>
<arguments>
<arg>${chrome_options}</arg>
<arg>add_argument</arg>
<arg>--no-sandbox</arg>
</arguments>
<status status="PASS" starttime="20210303 16:01:48.774" endtime="20210303 16:01:48.774"></status>
</kw>
<kw name="Call Method" library="BuiltIn">
<doc>Calls the named method of the given object with the provided arguments.</doc>
<arguments>
<arg>${chrome_options}</arg>
<arg>add_argument</arg>
<arg>--headless</arg>
</arguments>
<status status="PASS" starttime="20210303 16:01:48.774" endtime="20210303 16:01:48.774"></status>
</kw>
<kw name="Run Keyword If" library="BuiltIn">
<doc>Runs the given keyword with the given arguments, if ``condition`` is true.</doc>
<arguments>
<arg>os.sep == '/'</arg>
<arg>Create Webdriver</arg>
<arg>Chrome</arg>
<arg>my_alias</arg>
<arg>chrome_options=${chrome_options}</arg>
<arg>executable_path=/usr/bin/chromedriver</arg>
<arg>ELSE</arg>
<arg>Create Webdriver</arg>
<arg>Chrome</arg>
<arg>my_alias</arg>
<arg>chrome_options=${chrome_options}</arg>
</arguments>
<kw name="Create Webdriver" library="SeleniumLibrary">
<doc>Creates an instance of Selenium WebDriver.</doc>
<arguments>
<arg>Chrome</arg>
<arg>my_alias</arg>
<arg>chrome_options=${chrome_options}</arg>
<arg>executable_path=/usr/bin/chromedriver</arg>
</arguments>
<msg timestamp="20210303 16:01:48.775" level="INFO">Creating an instance of the Chrome WebDriver.</msg>
<status status="PASS" starttime="20210303 16:01:48.775" endtime="20210303 16:01:49.905"></status>
</kw>
<status status="PASS" starttime="20210303 16:01:48.774" endtime="20210303 16:01:49.905"></status>
</kw>
<kw name="Set Window Size" library="SeleniumLibrary">
<doc>Sets current windows size to given ``width`` and ``height``.</doc>
<arguments>
<arg>1200</arg>
<arg>1000</arg>
</arguments>
<status status="PASS" starttime="20210303 16:01:49.905" endtime="20210303 16:01:50.009"></status>
</kw>
<kw name="Go To" library="SeleniumLibrary">
<doc>Navigates the current browser window to the provided ``url``.</doc>
<arguments>
<arg>${URL}</arg>
</arguments>
<msg timestamp="20210303 16:01:50.010" level="INFO">Opening url 'http://127.0.0.1:5000/'</msg>
<status status="PASS" starttime="20210303 16:01:50.010" endtime="20210303 16:01:50.081"></status>
</kw>
<status status="PASS" starttime="20210303 16:01:48.773" endtime="20210303 16:01:50.081"></status>
</kw>
<test id="s1-s1-t1" name="RegisterTaskmanager">
<kw name="Register user">
<arguments>
<arg>mohit</arg>
<arg>mohit12</arg>
</arguments>
<kw name="Open Register Page" library="Task_Resources">
<kw name="Go To" library="SeleniumLibrary">
<doc>Navigates the current browser window to the provided ``url``.</doc>
<arguments>
<arg>${URL}/register</arg>
</arguments>
<msg timestamp="20210303 16:01:50.083" level="INFO">Opening url 'http://127.0.0.1:5000//register'</msg>
<status status="PASS" starttime="20210303 16:01:50.083" endtime="20210303 16:01:51.314"></status>
</kw>
<status status="PASS" starttime="20210303 16:01:50.082" endtime="20210303 16:01:51.315"></status>
</kw>
<kw name="Enter Username" library="Task_Resources">
<arguments>
<arg>${username}</arg>
</arguments>
<kw name="Input Text" library="SeleniumLibrary">
<doc>Types the given ``text`` into the text field identified by ``locator``.</doc>
<arguments>
<arg>name:Uname</arg>
<arg>${username}</arg>
</arguments>
<msg timestamp="20210303 16:01:51.316" level="INFO">Typing text 'mohit' into text field 'name:Uname'.</msg>
<status status="PASS" starttime="20210303 16:01:51.315" endtime="20210303 16:01:51.382"></status>
</kw>
<status status="PASS" starttime="20210303 16:01:51.315" endtime="20210303 16:01:51.382"></status>
</kw>
<kw name="Enter Password" library="Task_Resources">
<arguments>
<arg>${password}</arg>
</arguments>
<kw name="Input Text" library="SeleniumLibrary">
<doc>Types the given ``text`` into the text field identified by ``locator``.</doc>
<arguments>
<arg>name:Pass</arg>
<arg>${password}</arg>
</arguments>
<msg timestamp="20210303 16:01:51.383" level="INFO">Typing text 'mohit12' into text field 'name:Pass'.</msg>
<status status="PASS" starttime="20210303 16:01:51.383" endtime="20210303 16:01:51.442"></status>
</kw>
<status status="PASS" starttime="20210303 16:01:51.382" endtime="20210303 16:01:51.442"></status>
</kw>
<kw name="Click Register Button" library="Task_Resources">
<kw name="Click Element" library="SeleniumLibrary">
<doc>Click the element identified by ``locator``.</doc>
<arguments>
<arg>id:register</arg>
</arguments>
<msg timestamp="20210303 16:01:51.443" level="INFO">Clicking element 'id:register'.</msg>
<status status="PASS" starttime="20210303 16:01:51.442" endtime="20210303 16:01:51.487"></status>
</kw>
<status status="PASS" starttime="20210303 16:01:51.442" endtime="20210303 16:01:51.487"></status>
</kw>
<kw name="Login should be visible" library="Task_Resources">
<kw name="Page Should Contain" library="SeleniumLibrary">
<doc>Verifies that current page contains ``text``.</doc>
<arguments>
<arg>Login Form</arg>
</arguments>
<msg timestamp="20210303 16:01:51.497" level="INFO">Current page contains text 'Login Form'.</msg>
<status status="PASS" starttime="20210303 16:01:51.487" endtime="20210303 16:01:51.497"></status>
</kw>
<status status="PASS" starttime="20210303 16:01:51.487" endtime="20210303 16:01:51.497"></status>
</kw>
<status status="PASS" starttime="20210303 16:01:50.082" endtime="20210303 16:01:51.498"></status>
</kw>
<status status="PASS" starttime="20210303 16:01:50.081" endtime="20210303 16:01:51.498" critical="yes"></status>
</test>
<test id="s1-s1-t2" name="RegisterTaskmanager">
<kw name="Register user">
<arguments>
<arg>irfan</arg>
<arg>irfan12</arg>
</arguments>
<kw name="Open Register Page" library="Task_Resources">
<kw name="Go To" library="SeleniumLibrary">
<doc>Navigates the current browser window to the provided ``url``.</doc>
<arguments>
<arg>${URL}/register</arg>
</arguments>
<msg timestamp="20210303 16:01:51.499" level="INFO">Opening url 'http://127.0.0.1:5000//register'</msg>
<status status="PASS" starttime="20210303 16:01:51.499" endtime="20210303 16:01:51.510"></status>
</kw>
<status status="PASS" starttime="20210303 16:01:51.499" endtime="20210303 16:01:51.510"></status>
</kw>
<kw name="Enter Username" library="Task_Resources">
<arguments>
<arg>${username}</arg>
</arguments>
<kw name="Input Text" library="SeleniumLibrary">
<doc>Types the given ``text`` into the text field identified by ``locator``.</doc>
<arguments>
<arg>name:Uname</arg>
<arg>${username}</arg>
</arguments>
<msg timestamp="20210303 16:01:51.511" level="INFO">Typing text 'irfan' into text field 'name:Uname'.</msg>
<status status="PASS" starttime="20210303 16:01:51.511" endtime="20210303 16:01:51.567"></status>
</kw>
<status status="PASS" starttime="20210303 16:01:51.510" endtime="20210303 16:01:51.568"></status>
</kw>
<kw name="Enter Password" library="Task_Resources">
<arguments>
<arg>${password}</arg>
</arguments>
<kw name="Input Text" library="SeleniumLibrary">
<doc>Types the given ``text`` into the text field identified by ``locator``.</doc>
<arguments>
<arg>name:Pass</arg>
<arg>${password}</arg>
</arguments>
<msg timestamp="20210303 16:01:51.568" level="INFO">Typing text 'irfan12' into text field 'name:Pass'.</msg>
<status status="PASS" starttime="20210303 16:01:51.568" endtime="20210303 16:01:51.625"></status>
</kw>
<status status="PASS" starttime="20210303 16:01:51.568" endtime="20210303 16:01:51.625"></status>
</kw>
<kw name="Click Register Button" library="Task_Resources">
<kw name="Click Element" library="SeleniumLibrary">
<doc>Click the element identified by ``locator``.</doc>
<arguments>
<arg>id:register</arg>
</arguments>
<msg timestamp="20210303 16:01:51.626" level="INFO">Clicking element 'id:register'.</msg>
<status status="PASS" starttime="20210303 16:01:51.626" endtime="20210303 16:01:51.664"></status>
</kw>
<status status="PASS" starttime="20210303 16:01:51.625" endtime="20210303 16:01:51.664"></status>
</kw>
<kw name="Login should be visible" library="Task_Resources">
<kw name="Page Should Contain" library="SeleniumLibrary">
<doc>Verifies that current page contains ``text``.</doc>
<arguments>
<arg>Login Form</arg>
</arguments>
<msg timestamp="20210303 16:01:51.671" level="INFO">Current page contains text 'Login Form'.</msg>
<status status="PASS" starttime="20210303 16:01:51.665" endtime="20210303 16:01:51.671"></status>
</kw>
<status status="PASS" starttime="20210303 16:01:51.664" endtime="20210303 16:01:51.671"></status>
</kw>
<status status="PASS" starttime="20210303 16:01:51.499" endtime="20210303 16:01:51.672"></status>
</kw>
<status status="PASS" starttime="20210303 16:01:51.498" endtime="20210303 16:01:51.672" critical="yes"></status>
</test>
<test id="s1-s1-t3" name="RegisterTaskmanager">
<kw name="Register user">
<arguments>
<arg>roshan</arg>
<arg>roshan12</arg>
</arguments>
<kw name="Open Register Page" library="Task_Resources">
<kw name="Go To" library="SeleniumLibrary">
<doc>Navigates the current browser window to the provided ``url``.</doc>
<arguments>
<arg>${URL}/register</arg>
</arguments>
<msg timestamp="20210303 16:01:51.673" level="INFO">Opening url 'http://127.0.0.1:5000//register'</msg>
<status status="PASS" starttime="20210303 16:01:51.673" endtime="20210303 16:01:51.684"></status>
</kw>
<status status="PASS" starttime="20210303 16:01:51.673" endtime="20210303 16:01:51.684"></status>
</kw>
<kw name="Enter Username" library="Task_Resources">
<arguments>
<arg>${username}</arg>
</arguments>
<kw name="Input Text" library="SeleniumLibrary">
<doc>Types the given ``text`` into the text field identified by ``locator``.</doc>
<arguments>
<arg>name:Uname</arg>
<arg>${username}</arg>
</arguments>
<msg timestamp="20210303 16:01:51.685" level="INFO">Typing text 'roshan' into text field 'name:Uname'.</msg>
<status status="PASS" starttime="20210303 16:01:51.685" endtime="20210303 16:01:51.742"></status>
</kw>
<status status="PASS" starttime="20210303 16:01:51.684" endtime="20210303 16:01:51.742"></status>
</kw>
<kw name="Enter Password" library="Task_Resources">
<arguments>
<arg>${password}</arg>
</arguments>
<kw name="Input Text" library="SeleniumLibrary">
<doc>Types the given ``text`` into the text field identified by ``locator``.</doc>
<arguments>
<arg>name:Pass</arg>
<arg>${password}</arg>
</arguments>
<msg timestamp="20210303 16:01:51.743" level="INFO">Typing text 'roshan12' into text field 'name:Pass'.</msg>
<status status="PASS" starttime="20210303 16:01:51.742" endtime="20210303 16:01:51.799"></status>
</kw>
<status status="PASS" starttime="20210303 16:01:51.742" endtime="20210303 16:01:51.799"></status>
</kw>
<kw name="Click Register Button" library="Task_Resources">
<kw name="Click Element" library="SeleniumLibrary">
<doc>Click the element identified by ``locator``.</doc>
<arguments>
<arg>id:register</arg>
</arguments>
<msg timestamp="20210303 16:01:51.800" level="INFO">Clicking element 'id:register'.</msg>
<status status="PASS" starttime="20210303 16:01:51.800" endtime="20210303 16:01:51.837"></status>
</kw>
<status status="PASS" starttime="20210303 16:01:51.799" endtime="20210303 16:01:51.838"></status>
</kw>
<kw name="Login should be visible" library="Task_Resources">
<kw name="Page Should Contain" library="SeleniumLibrary">
<doc>Verifies that current page contains ``text``.</doc>
<arguments>
<arg>Login Form</arg>
</arguments>
<msg timestamp="20210303 16:01:51.845" level="INFO">Current page contains text 'Login Form'.</msg>
<status status="PASS" starttime="20210303 16:01:51.838" endtime="20210303 16:01:51.845"></status>
</kw>
<status status="PASS" starttime="20210303 16:01:51.838" endtime="20210303 16:01:51.845"></status>
</kw>
<status status="PASS" starttime="20210303 16:01:51.673" endtime="20210303 16:01:51.845"></status>
</kw>
<status status="PASS" starttime="20210303 16:01:51.672" endtime="20210303 16:01:51.845" critical="yes"></status>
</test>
<test id="s1-s1-t4" name="RegisterTaskmanager">
<kw name="Register user">
<arguments>
<arg>ironman</arg>
<arg>ironman12</arg>
</arguments>
<kw name="Open Register Page" library="Task_Resources">
<kw name="Go To" library="SeleniumLibrary">
<doc>Navigates the current browser window to the provided ``url``.</doc>
<arguments>
<arg>${URL}/register</arg>
</arguments>
<msg timestamp="20210303 16:01:51.847" level="INFO">Opening url 'http://127.0.0.1:5000//register'</msg>
<status status="PASS" starttime="20210303 16:01:51.847" endtime="20210303 16:01:51.858"></status>
</kw>
<status status="PASS" starttime="20210303 16:01:51.846" endtime="20210303 16:01:51.859"></status>
</kw>
<kw name="Enter Username" library="Task_Resources">
<arguments>
<arg>${username}</arg>
</arguments>
<kw name="Input Text" library="SeleniumLibrary">
<doc>Types the given ``text`` into the text field identified by ``locator``.</doc>
<arguments>
<arg>name:Uname</arg>
<arg>${username}</arg>
</arguments>
<msg timestamp="20210303 16:01:51.859" level="INFO">Typing text 'ironman' into text field 'name:Uname'.</msg>
<status status="PASS" starttime="20210303 16:01:51.859" endtime="20210303 16:01:51.915"></status>
</kw>
<status status="PASS" starttime="20210303 16:01:51.859" endtime="20210303 16:01:51.915"></status>
</kw>
<kw name="Enter Password" library="Task_Resources">
<arguments>
<arg>${password}</arg>
</arguments>
<kw name="Input Text" library="SeleniumLibrary">
<doc>Types the given ``text`` into the text field identified by ``locator``.</doc>
<arguments>
<arg>name:Pass</arg>
<arg>${password}</arg>
</arguments>
<msg timestamp="20210303 16:01:51.915" level="INFO">Typing text 'ironman12' into text field 'name:Pass'.</msg>
<status status="PASS" starttime="20210303 16:01:51.915" endtime="20210303 16:01:51.971"></status>
</kw>
<status status="PASS" starttime="20210303 16:01:51.915" endtime="20210303 16:01:51.971"></status>
</kw>
<kw name="Click Register Button" library="Task_Resources">
<kw name="Click Element" library="SeleniumLibrary">
<doc>Click the element identified by ``locator``.</doc>
<arguments>
<arg>id:register</arg>
</arguments>
<msg timestamp="20210303 16:01:51.972" level="INFO">Clicking element 'id:register'.</msg>
<status status="PASS" starttime="20210303 16:01:51.972" endtime="20210303 16:01:52.014"></status>
</kw>
<status status="PASS" starttime="20210303 16:01:51.971" endtime="20210303 16:01:52.014"></status>
</kw>
<kw name="Login should be visible" library="Task_Resources">
<kw name="Page Should Contain" library="SeleniumLibrary">
<doc>Verifies that current page contains ``text``.</doc>
<arguments>
<arg>Login Form</arg>
</arguments>
<msg timestamp="20210303 16:01:52.021" level="INFO">Current page contains text 'Login Form'.</msg>
<status status="PASS" starttime="20210303 16:01:52.015" endtime="20210303 16:01:52.021"></status>
</kw>
<status status="PASS" starttime="20210303 16:01:52.014" endtime="20210303 16:01:52.021"></status>
</kw>
<status status="PASS" starttime="20210303 16:01:51.846" endtime="20210303 16:01:52.021"></status>
</kw>
<status status="PASS" starttime="20210303 16:01:51.846" endtime="20210303 16:01:52.022" critical="yes"></status>
</test>
<test id="s1-s1-t5" name="RegisterTaskmanager">
<kw name="Register user">
<arguments>
<arg>anuradha</arg>
<arg>anuradha12</arg>
</arguments>
<kw name="Open Register Page" library="Task_Resources">
<kw name="Go To" library="SeleniumLibrary">
<doc>Navigates the current browser window to the provided ``url``.</doc>
<arguments>
<arg>${URL}/register</arg>
</arguments>
<msg timestamp="20210303 16:01:52.023" level="INFO">Opening url 'http://127.0.0.1:5000//register'</msg>
<status status="PASS" starttime="20210303 16:01:52.023" endtime="20210303 16:01:52.033"></status>
</kw>
<status status="PASS" starttime="20210303 16:01:52.023" endtime="20210303 16:01:52.033"></status>
</kw>
<kw name="Enter Username" library="Task_Resources">
<arguments>
<arg>${username}</arg>
</arguments>
<kw name="Input Text" library="SeleniumLibrary">
<doc>Types the given ``text`` into the text field identified by ``locator``.</doc>
<arguments>
<arg>name:Uname</arg>
<arg>${username}</arg>
</arguments>
<msg timestamp="20210303 16:01:52.034" level="INFO">Typing text 'anuradha' into text field 'name:Uname'.</msg>
<status status="PASS" starttime="20210303 16:01:52.034" endtime="20210303 16:01:52.091"></status>
</kw>
<status status="PASS" starttime="20210303 16:01:52.034" endtime="20210303 16:01:52.091"></status>
</kw>
<kw name="Enter Password" library="Task_Resources">
<arguments>
<arg>${password}</arg>
</arguments>
<kw name="Input Text" library="SeleniumLibrary">
<doc>Types the given ``text`` into the text field identified by ``locator``.</doc>
<arguments>
<arg>name:Pass</arg>
<arg>${password}</arg>
</arguments>
<msg timestamp="20210303 16:01:52.092" level="INFO">Typing text 'anuradha12' into text field 'name:Pass'.</msg>
<status status="PASS" starttime="20210303 16:01:52.092" endtime="20210303 16:01:52.148"></status>
</kw>
<status status="PASS" starttime="20210303 16:01:52.091" endtime="20210303 16:01:52.148"></status>
</kw>
<kw name="Click Register Button" library="Task_Resources">
<kw name="Click Element" library="SeleniumLibrary">
<doc>Click the element identified by ``locator``.</doc>
<arguments>
<arg>id:register</arg>
</arguments>
<msg timestamp="20210303 16:01:52.148" level="INFO">Clicking element 'id:register'.</msg>
<status status="PASS" starttime="20210303 16:01:52.148" endtime="20210303 16:01:52.188"></status>
</kw>
<status status="PASS" starttime="20210303 16:01:52.148" endtime="20210303 16:01:52.188"></status>
</kw>
<kw name="Login should be visible" library="Task_Resources">
<kw name="Page Should Contain" library="SeleniumLibrary">
<doc>Verifies that current page contains ``text``.</doc>
<arguments>
<arg>Login Form</arg>
</arguments>
<msg timestamp="20210303 16:01:52.195" level="INFO">Current page contains text 'Login Form'.</msg>
<status status="PASS" starttime="20210303 16:01:52.188" endtime="20210303 16:01:52.195"></status>
</kw>
<status status="PASS" starttime="20210303 16:01:52.188" endtime="20210303 16:01:52.195"></status>
</kw>
<status status="PASS" starttime="20210303 16:01:52.022" endtime="20210303 16:01:52.195"></status>
</kw>
<status status="PASS" starttime="20210303 16:01:52.022" endtime="20210303 16:01:52.196" critical="yes"></status>
</test>
<kw name="Close Browsers" library="Task_Resources" type="teardown">
<kw name="Close All Browsers" library="SeleniumLibrary">
<doc>Closes all open browsers and resets the browser cache.</doc>
<status status="PASS" starttime="20210303 16:01:52.196" endtime="20210303 16:01:52.250"></status>
</kw>
<status status="PASS" starttime="20210303 16:01:52.196" endtime="20210303 16:01:52.250"></status>
</kw>
<status status="PASS" starttime="20210303 16:01:48.301" endtime="20210303 16:01:52.250"></status>
</suite>
<suite id="s1-s2" name="02 Login Test Case" source="/home/roshan/workspace/TestingInPython/TaskManagerTesting/TestCases/02_Login_Test_Case.robot">
<kw name="Open My Browser" library="Task_Resources" type="setup">
<arguments>
<arg>${URL}</arg>
</arguments>
<kw name="Evaluate" library="BuiltIn">
<doc>Evaluates the given expression in Python and returns the result.</doc>
<arguments>
<arg>sys.modules['selenium.webdriver'].ChromeOptions()</arg>
<arg>sys</arg>
</arguments>
<assign>
<var>${chrome_options}</var>
</assign>
<msg timestamp="20210303 16:01:52.293" level="INFO">${chrome_options} = &lt;selenium.webdriver.chrome.options.Options object at 0x7f001b61a9a0&gt;</msg>
<status status="PASS" starttime="20210303 16:01:52.293" endtime="20210303 16:01:52.293"></status>
</kw>
<kw name="Call Method" library="BuiltIn">
<doc>Calls the named method of the given object with the provided arguments.</doc>
<arguments>
<arg>${chrome_options}</arg>
<arg>add_argument</arg>
<arg>--disable-dev-shm-usage</arg>
</arguments>
<status status="PASS" starttime="20210303 16:01:52.294" endtime="20210303 16:01:52.294"></status>
</kw>
<kw name="Call Method" library="BuiltIn">
<doc>Calls the named method of the given object with the provided arguments.</doc>
<arguments>
<arg>${chrome_options}</arg>
<arg>add_argument</arg>
<arg>--no-sandbox</arg>
</arguments>
<status status="PASS" starttime="20210303 16:01:52.294" endtime="20210303 16:01:52.294"></status>
</kw>
<kw name="Call Method" library="BuiltIn">
<doc>Calls the named method of the given object with the provided arguments.</doc>
<arguments>
<arg>${chrome_options}</arg>
<arg>add_argument</arg>
<arg>--headless</arg>
</arguments>
<status status="PASS" starttime="20210303 16:01:52.294" endtime="20210303 16:01:52.294"></status>
</kw>
<kw name="Run Keyword If" library="BuiltIn">
<doc>Runs the given keyword with the given arguments, if ``condition`` is true.</doc>
<arguments>
<arg>os.sep == '/'</arg>
<arg>Create Webdriver</arg>
<arg>Chrome</arg>
<arg>my_alias</arg>
<arg>chrome_options=${chrome_options}</arg>
<arg>executable_path=/usr/bin/chromedriver</arg>
<arg>ELSE</arg>
<arg>Create Webdriver</arg>
<arg>Chrome</arg>
<arg>my_alias</arg>
<arg>chrome_options=${chrome_options}</arg>
</arguments>
<kw name="Create Webdriver" library="SeleniumLibrary">
<doc>Creates an instance of Selenium WebDriver.</doc>
<arguments>
<arg>Chrome</arg>
<arg>my_alias</arg>
<arg>chrome_options=${chrome_options}</arg>
<arg>executable_path=/usr/bin/chromedriver</arg>
</arguments>
<msg timestamp="20210303 16:01:52.295" level="INFO">Creating an instance of the Chrome WebDriver.</msg>
<status status="PASS" starttime="20210303 16:01:52.294" endtime="20210303 16:01:53.439"></status>
</kw>
<status status="PASS" starttime="20210303 16:01:52.294" endtime="20210303 16:01:53.440"></status>
</kw>
<kw name="Set Window Size" library="SeleniumLibrary">
<doc>Sets current windows size to given ``width`` and ``height``.</doc>
<arguments>
<arg>1200</arg>
<arg>1000</arg>
</arguments>
<status status="PASS" starttime="20210303 16:01:53.440" endtime="20210303 16:01:53.557"></status>
</kw>
<kw name="Go To" library="SeleniumLibrary">
<doc>Navigates the current browser window to the provided ``url``.</doc>
<arguments>
<arg>${URL}</arg>
</arguments>
<msg timestamp="20210303 16:01:53.558" level="INFO">Opening url 'http://127.0.0.1:5000/'</msg>
<status status="PASS" starttime="20210303 16:01:53.557" endtime="20210303 16:01:53.642"></status>
</kw>
<status status="PASS" starttime="20210303 16:01:52.293" endtime="20210303 16:01:53.643"></status>
</kw>
<test id="s1-s2-t1" name="LoginTaskmanager">
<kw name="Login user">
<arguments>
<arg>mohit</arg>
<arg>mohit12</arg>
</arguments>
<kw name="Open Login Page" library="Task_Resources">
<kw name="Go To" library="SeleniumLibrary">
<doc>Navigates the current browser window to the provided ``url``.</doc>
<arguments>
<arg>${URL}</arg>
</arguments>
<msg timestamp="20210303 16:01:53.644" level="INFO">Opening url 'http://127.0.0.1:5000/'</msg>
<status status="PASS" starttime="20210303 16:01:53.644" endtime="20210303 16:01:54.808"></status>
</kw>
<status status="PASS" starttime="20210303 16:01:53.644" endtime="20210303 16:01:54.809"></status>
</kw>
<kw name="Enter Username" library="Task_Resources">
<arguments>
<arg>${username}</arg>
</arguments>
<kw name="Input Text" library="SeleniumLibrary">
<doc>Types the given ``text`` into the text field identified by ``locator``.</doc>
<arguments>
<arg>name:Uname</arg>
<arg>${username}</arg>
</arguments>
<msg timestamp="20210303 16:01:54.811" level="INFO">Typing text 'mohit' into text field 'name:Uname'.</msg>
<status status="PASS" starttime="20210303 16:01:54.810" endtime="20210303 16:01:54.880"></status>
</kw>
<status status="PASS" starttime="20210303 16:01:54.809" endtime="20210303 16:01:54.880"></status>
</kw>
<kw name="Enter Password" library="Task_Resources">
<arguments>
<arg>${password}</arg>
</arguments>
<kw name="Input Text" library="SeleniumLibrary">
<doc>Types the given ``text`` into the text field identified by ``locator``.</doc>
<arguments>
<arg>name:Pass</arg>
<arg>${password}</arg>
</arguments>
<msg timestamp="20210303 16:01:54.881" level="INFO">Typing text 'mohit12' into text field 'name:Pass'.</msg>
<status status="PASS" starttime="20210303 16:01:54.881" endtime="20210303 16:01:54.938"></status>
</kw>
<status status="PASS" starttime="20210303 16:01:54.880" endtime="20210303 16:01:54.939"></status>
</kw>
<kw name="Click Login Button" library="Task_Resources">
<kw name="Click Element" library="SeleniumLibrary">
<doc>Click the element identified by ``locator``.</doc>
<arguments>
<arg>id:login</arg>
</arguments>
<msg timestamp="20210303 16:01:54.939" level="INFO">Clicking element 'id:login'.</msg>
<status status="PASS" starttime="20210303 16:01:54.939" endtime="20210303 16:01:55.007"></status>
</kw>
<status status="PASS" starttime="20210303 16:01:54.939" endtime="20210303 16:01:55.007"></status>
</kw>
<kw name="Logout Should be visible" library="Task_Resources">
<kw name="Page Should Contain" library="SeleniumLibrary">
<doc>Verifies that current page contains ``text``.</doc>
<arguments>
<arg>Logout</arg>
</arguments>
<msg timestamp="20210303 16:01:55.018" level="INFO">Current page contains text 'Logout'.</msg>
<status status="PASS" starttime="20210303 16:01:55.007" endtime="20210303 16:01:55.018"></status>
</kw>
<status status="PASS" starttime="20210303 16:01:55.007" endtime="20210303 16:01:55.018"></status>
</kw>
<status status="PASS" starttime="20210303 16:01:53.643" endtime="20210303 16:01:55.018"></status>
</kw>
<status status="PASS" starttime="20210303 16:01:53.643" endtime="20210303 16:01:55.018" critical="yes"></status>
</test>
<test id="s1-s2-t2" name="LoginTaskmanager">
<kw name="Login user">
<arguments>
<arg>irfan</arg>
<arg>irfan12</arg>
</arguments>
<kw name="Open Login Page" library="Task_Resources">
<kw name="Go To" library="SeleniumLibrary">
<doc>Navigates the current browser window to the provided ``url``.</doc>
<arguments>
<arg>${URL}</arg>
</arguments>
<msg timestamp="20210303 16:01:55.021" level="INFO">Opening url 'http://127.0.0.1:5000/'</msg>
<status status="PASS" starttime="20210303 16:01:55.021" endtime="20210303 16:01:55.033"></status>
</kw>
<status status="PASS" starttime="20210303 16:01:55.020" endtime="20210303 16:01:55.033"></status>
</kw>
<kw name="Enter Username" library="Task_Resources">
<arguments>
<arg>${username}</arg>
</arguments>
<kw name="Input Text" library="SeleniumLibrary">
<doc>Types the given ``text`` into the text field identified by ``locator``.</doc>
<arguments>
<arg>name:Uname</arg>
<arg>${username}</arg>
</arguments>
<msg timestamp="20210303 16:01:55.034" level="INFO">Typing text 'irfan' into text field 'name:Uname'.</msg>
<status status="PASS" starttime="20210303 16:01:55.034" endtime="20210303 16:01:55.090"></status>
</kw>
<status status="PASS" starttime="20210303 16:01:55.034" endtime="20210303 16:01:55.090"></status>
</kw>
<kw name="Enter Password" library="Task_Resources">
<arguments>
<arg>${password}</arg>
</arguments>
<kw name="Input Text" library="SeleniumLibrary">
<doc>Types the given ``text`` into the text field identified by ``locator``.</doc>
<arguments>
<arg>name:Pass</arg>
<arg>${password}</arg>
</arguments>
<msg timestamp="20210303 16:01:55.091" level="INFO">Typing text 'irfan12' into text field 'name:Pass'.</msg>
<status status="PASS" starttime="20210303 16:01:55.091" endtime="20210303 16:01:55.145"></status>
</kw>
<status status="PASS" starttime="20210303 16:01:55.090" endtime="20210303 16:01:55.145"></status>
</kw>
<kw name="Click Login Button" library="Task_Resources">
<kw name="Click Element" library="SeleniumLibrary">
<doc>Click the element identified by ``locator``.</doc>
<arguments>
<arg>id:login</arg>
</arguments>
<msg timestamp="20210303 16:01:55.146" level="INFO">Clicking element 'id:login'.</msg>
<status status="PASS" starttime="20210303 16:01:55.145" endtime="20210303 16:01:55.184"></status>
</kw>
<status status="PASS" starttime="20210303 16:01:55.145" endtime="20210303 16:01:55.184"></status>
</kw>
<kw name="Logout Should be visible" library="Task_Resources">
<kw name="Page Should Contain" library="SeleniumLibrary">
<doc>Verifies that current page contains ``text``.</doc>
<arguments>
<arg>Logout</arg>
</arguments>
<msg timestamp="20210303 16:01:55.193" level="INFO">Current page contains text 'Logout'.</msg>
<status status="PASS" starttime="20210303 16:01:55.185" endtime="20210303 16:01:55.193"></status>
</kw>
<status status="PASS" starttime="20210303 16:01:55.185" endtime="20210303 16:01:55.193"></status>
</kw>
<status status="PASS" starttime="20210303 16:01:55.019" endtime="20210303 16:01:55.194"></status>
</kw>
<status status="PASS" starttime="20210303 16:01:55.019" endtime="20210303 16:01:55.194" critical="yes"></status>
</test>
<test id="s1-s2-t3" name="LoginTaskmanager">
<kw name="Login user">
<arguments>
<arg>roshan</arg>
<arg>roshan12</arg>
</arguments>
<kw name="Open Login Page" library="Task_Resources">
<kw name="Go To" library="SeleniumLibrary">
<doc>Navigates the current browser window to the provided ``url``.</doc>
<arguments>
<arg>${URL}</arg>
</arguments>
<msg timestamp="20210303 16:01:55.195" level="INFO">Opening url 'http://127.0.0.1:5000/'</msg>
<status status="PASS" starttime="20210303 16:01:55.195" endtime="20210303 16:01:55.207"></status>
</kw>
<status status="PASS" starttime="20210303 16:01:55.195" endtime="20210303 16:01:55.207"></status>
</kw>
<kw name="Enter Username" library="Task_Resources">
<arguments>
<arg>${username}</arg>
</arguments>
<kw name="Input Text" library="SeleniumLibrary">
<doc>Types the given ``text`` into the text field identified by ``locator``.</doc>
<arguments>
<arg>name:Uname</arg>
<arg>${username}</arg>
</arguments>
<msg timestamp="20210303 16:01:55.208" level="INFO">Typing text 'roshan' into text field 'name:Uname'.</msg>
<status status="PASS" starttime="20210303 16:01:55.208" endtime="20210303 16:01:55.265"></status>
</kw>
<status status="PASS" starttime="20210303 16:01:55.207" endtime="20210303 16:01:55.265"></status>
</kw>
<kw name="Enter Password" library="Task_Resources">
<arguments>
<arg>${password}</arg>
</arguments>
<kw name="Input Text" library="SeleniumLibrary">
<doc>Types the given ``text`` into the text field identified by ``locator``.</doc>
<arguments>
<arg>name:Pass</arg>
<arg>${password}</arg>
</arguments>
<msg timestamp="20210303 16:01:55.266" level="INFO">Typing text 'roshan12' into text field 'name:Pass'.</msg>
<status status="PASS" starttime="20210303 16:01:55.266" endtime="20210303 16:01:55.320"></status>
</kw>
<status status="PASS" starttime="20210303 16:01:55.266" endtime="20210303 16:01:55.320"></status>
</kw>
<kw name="Click Login Button" library="Task_Resources">
<kw name="Click Element" library="SeleniumLibrary">
<doc>Click the element identified by ``locator``.</doc>
<arguments>
<arg>id:login</arg>
</arguments>
<msg timestamp="20210303 16:01:55.320" level="INFO">Clicking element 'id:login'.</msg>
<status status="PASS" starttime="20210303 16:01:55.320" endtime="20210303 16:01:55.357"></status>
</kw>
<status status="PASS" starttime="20210303 16:01:55.320" endtime="20210303 16:01:55.357"></status>
</kw>
<kw name="Logout Should be visible" library="Task_Resources">
<kw name="Page Should Contain" library="SeleniumLibrary">
<doc>Verifies that current page contains ``text``.</doc>
<arguments>
<arg>Logout</arg>
</arguments>
<msg timestamp="20210303 16:01:55.364" level="INFO">Current page contains text 'Logout'.</msg>
<status status="PASS" starttime="20210303 16:01:55.357" endtime="20210303 16:01:55.364"></status>
</kw>
<status status="PASS" starttime="20210303 16:01:55.357" endtime="20210303 16:01:55.365"></status>
</kw>
<status status="PASS" starttime="20210303 16:01:55.194" endtime="20210303 16:01:55.365"></status>
</kw>
<status status="PASS" starttime="20210303 16:01:55.194" endtime="20210303 16:01:55.365" critical="yes"></status>
</test>
<kw name="Close Browsers" library="Task_Resources" type="teardown">
<kw name="Close All Browsers" library="SeleniumLibrary">
<doc>Closes all open browsers and resets the browser cache.</doc>
<status status="PASS" starttime="20210303 16:01:55.366" endtime="20210303 16:01:55.418"></status>
</kw>
<status status="PASS" starttime="20210303 16:01:55.365" endtime="20210303 16:01:55.418"></status>
</kw>
<status status="PASS" starttime="20210303 16:01:52.252" endtime="20210303 16:01:55.418"></status>
</suite>
<suite id="s1-s3" name="03 InvalidLogin Test Case" source="/home/roshan/workspace/TestingInPython/TaskManagerTesting/TestCases/03_InvalidLogin_Test_Case.robot">
<kw name="Open My Browser" library="Task_Resources" type="setup">
<arguments>
<arg>${URL}</arg>
</arguments>
<kw name="Evaluate" library="BuiltIn">
<doc>Evaluates the given expression in Python and returns the result.</doc>
<arguments>
<arg>sys.modules['selenium.webdriver'].ChromeOptions()</arg>
<arg>sys</arg>
</arguments>
<assign>
<var>${chrome_options}</var>
</assign>
<msg timestamp="20210303 16:01:55.460" level="INFO">${chrome_options} = &lt;selenium.webdriver.chrome.options.Options object at 0x7f0000b6f550&gt;</msg>
<status status="PASS" starttime="20210303 16:01:55.460" endtime="20210303 16:01:55.460"></status>
</kw>
<kw name="Call Method" library="BuiltIn">
<doc>Calls the named method of the given object with the provided arguments.</doc>
<arguments>
<arg>${chrome_options}</arg>
<arg>add_argument</arg>
<arg>--disable-dev-shm-usage</arg>
</arguments>
<status status="PASS" starttime="20210303 16:01:55.460" endtime="20210303 16:01:55.460"></status>
</kw>
<kw name="Call Method" library="BuiltIn">
<doc>Calls the named method of the given object with the provided arguments.</doc>
<arguments>
<arg>${chrome_options}</arg>
<arg>add_argument</arg>
<arg>--no-sandbox</arg>
</arguments>
<status status="PASS" starttime="20210303 16:01:55.460" endtime="20210303 16:01:55.460"></status>
</kw>
<kw name="Call Method" library="BuiltIn">
<doc>Calls the named method of the given object with the provided arguments.</doc>
<arguments>
<arg>${chrome_options}</arg>
<arg>add_argument</arg>
<arg>--headless</arg>
</arguments>
<status status="PASS" starttime="20210303 16:01:55.460" endtime="20210303 16:01:55.461"></status>
</kw>
<kw name="Run Keyword If" library="BuiltIn">
<doc>Runs the given keyword with the given arguments, if ``condition`` is true.</doc>
<arguments>
<arg>os.sep == '/'</arg>
<arg>Create Webdriver</arg>
<arg>Chrome</arg>
<arg>my_alias</arg>
<arg>chrome_options=${chrome_options}</arg>
<arg>executable_path=/usr/bin/chromedriver</arg>
<arg>ELSE</arg>
<arg>Create Webdriver</arg>
<arg>Chrome</arg>
<arg>my_alias</arg>
<arg>chrome_options=${chrome_options}</arg>
</arguments>
<kw name="Create Webdriver" library="SeleniumLibrary">
<doc>Creates an instance of Selenium WebDriver.</doc>
<arguments>
<arg>Chrome</arg>
<arg>my_alias</arg>
<arg>chrome_options=${chrome_options}</arg>
<arg>executable_path=/usr/bin/chromedriver</arg>
</arguments>
<msg timestamp="20210303 16:01:55.461" level="INFO">Creating an instance of the Chrome WebDriver.</msg>
<status status="PASS" starttime="20210303 16:01:55.461" endtime="20210303 16:01:56.554"></status>
</kw>
<status status="PASS" starttime="20210303 16:01:55.461" endtime="20210303 16:01:56.554"></status>
</kw>
<kw name="Set Window Size" library="SeleniumLibrary">
<doc>Sets current windows size to given ``width`` and ``height``.</doc>
<arguments>
<arg>1200</arg>
<arg>1000</arg>
</arguments>
<status status="PASS" starttime="20210303 16:01:56.554" endtime="20210303 16:01:56.661"></status>
</kw>
<kw name="Go To" library="SeleniumLibrary">
<doc>Navigates the current browser window to the provided ``url``.</doc>
<arguments>
<arg>${URL}</arg>
</arguments>
<msg timestamp="20210303 16:01:56.662" level="INFO">Opening url 'http://127.0.0.1:5000/'</msg>
<status status="PASS" starttime="20210303 16:01:56.661" endtime="20210303 16:01:56.748"></status>
</kw>
<status status="PASS" starttime="20210303 16:01:55.459" endtime="20210303 16:01:56.748"></status>
</kw>
<test id="s1-s3-t1" name="InvalidLoginTaskmanager">
<kw name="InvalidLogin user">
<arguments>
<arg>test</arg>
<arg>test12</arg>
</arguments>
<kw name="Open Login Page" library="Task_Resources">
<kw name="Go To" library="SeleniumLibrary">
<doc>Navigates the current browser window to the provided ``url``.</doc>
<arguments>
<arg>${URL}</arg>
</arguments>
<msg timestamp="20210303 16:01:56.749" level="INFO">Opening url 'http://127.0.0.1:5000/'</msg>
<status status="PASS" starttime="20210303 16:01:56.749" endtime="20210303 16:01:57.909"></status>
</kw>
<status status="PASS" starttime="20210303 16:01:56.749" endtime="20210303 16:01:57.910"></status>
</kw>
<kw name="Enter Username" library="Task_Resources">
<arguments>
<arg>${username}</arg>
</arguments>
<kw name="Input Text" library="SeleniumLibrary">
<doc>Types the given ``text`` into the text field identified by ``locator``.</doc>
<arguments>
<arg>name:Uname</arg>
<arg>${username}</arg>
</arguments>
<msg timestamp="20210303 16:01:57.910" level="INFO">Typing text 'test' into text field 'name:Uname'.</msg>
<status status="PASS" starttime="20210303 16:01:57.910" endtime="20210303 16:01:57.972"></status>
</kw>
<status status="PASS" starttime="20210303 16:01:57.910" endtime="20210303 16:01:57.972"></status>
</kw>
<kw name="Enter Password" library="Task_Resources">
<arguments>
<arg>${password}</arg>
</arguments>
<kw name="Input Text" library="SeleniumLibrary">
<doc>Types the given ``text`` into the text field identified by ``locator``.</doc>
<arguments>
<arg>name:Pass</arg>
<arg>${password}</arg>
</arguments>
<msg timestamp="20210303 16:01:57.973" level="INFO">Typing text 'test12' into text field 'name:Pass'.</msg>
<status status="PASS" starttime="20210303 16:01:57.973" endtime="20210303 16:01:58.035"></status>
</kw>
<status status="PASS" starttime="20210303 16:01:57.973" endtime="20210303 16:01:58.035"></status>
</kw>
<kw name="Click Login Button" library="Task_Resources">
<kw name="Click Element" library="SeleniumLibrary">
<doc>Click the element identified by ``locator``.</doc>
<arguments>
<arg>id:login</arg>
</arguments>
<msg timestamp="20210303 16:01:58.035" level="INFO">Clicking element 'id:login'.</msg>
<status status="PASS" starttime="20210303 16:01:58.035" endtime="20210303 16:01:58.077"></status>
</kw>
<status status="PASS" starttime="20210303 16:01:58.035" endtime="20210303 16:01:58.077"></status>
</kw>
<kw name="InvalidLogin should be visible" library="Task_Resources">
<kw name="Page Should Contain" library="SeleniumLibrary">
<doc>Verifies that current page contains ``text``.</doc>
<arguments>
<arg>Invalid Credentials</arg>
</arguments>
<msg timestamp="20210303 16:01:58.087" level="INFO">Current page contains text 'Invalid Credentials'.</msg>
<status status="PASS" starttime="20210303 16:01:58.077" endtime="20210303 16:01:58.087"></status>
</kw>
<status status="PASS" starttime="20210303 16:01:58.077" endtime="20210303 16:01:58.087"></status>
</kw>
<status status="PASS" starttime="20210303 16:01:56.748" endtime="20210303 16:01:58.087"></status>
</kw>
<status status="PASS" starttime="20210303 16:01:56.748" endtime="20210303 16:01:58.087" critical="yes"></status>
</test>
<test id="s1-s3-t2" name="InvalidLoginTaskmanager">
<kw name="InvalidLogin user">
<arguments>
<arg>thor</arg>
<arg>thor12</arg>
</arguments>
<kw name="Open Login Page" library="Task_Resources">
<kw name="Go To" library="SeleniumLibrary">
<doc>Navigates the current browser window to the provided ``url``.</doc>
<arguments>
<arg>${URL}</arg>
</arguments>
<msg timestamp="20210303 16:01:58.089" level="INFO">Opening url 'http://127.0.0.1:5000/'</msg>
<status status="PASS" starttime="20210303 16:01:58.089" endtime="20210303 16:01:58.103"></status>
</kw>
<status status="PASS" starttime="20210303 16:01:58.089" endtime="20210303 16:01:58.103"></status>
</kw>
<kw name="Enter Username" library="Task_Resources">
<arguments>
<arg>${username}</arg>
</arguments>
<kw name="Input Text" library="SeleniumLibrary">
<doc>Types the given ``text`` into the text field identified by ``locator``.</doc>
<arguments>
<arg>name:Uname</arg>
<arg>${username}</arg>
</arguments>
<msg timestamp="20210303 16:01:58.104" level="INFO">Typing text 'thor' into text field 'name:Uname'.</msg>
<status status="PASS" starttime="20210303 16:01:58.103" endtime="20210303 16:01:58.158"></status>
</kw>
<status status="PASS" starttime="20210303 16:01:58.103" endtime="20210303 16:01:58.159"></status>
</kw>
<kw name="Enter Password" library="Task_Resources">
<arguments>
<arg>${password}</arg>
</arguments>
<kw name="Input Text" library="SeleniumLibrary">
<doc>Types the given ``text`` into the text field identified by ``locator``.</doc>
<arguments>
<arg>name:Pass</arg>
<arg>${password}</arg>
</arguments>
<msg timestamp="20210303 16:01:58.159" level="INFO">Typing text 'thor12' into text field 'name:Pass'.</msg>
<status status="PASS" starttime="20210303 16:01:58.159" endtime="20210303 16:01:58.215"></status>
</kw>
<status status="PASS" starttime="20210303 16:01:58.159" endtime="20210303 16:01:58.215"></status>
</kw>
<kw name="Click Login Button" library="Task_Resources">
<kw name="Click Element" library="SeleniumLibrary">
<doc>Click the element identified by ``locator``.</doc>
<arguments>
<arg>id:login</arg>
</arguments>
<msg timestamp="20210303 16:01:58.215" level="INFO">Clicking element 'id:login'.</msg>
<status status="PASS" starttime="20210303 16:01:58.215" endtime="20210303 16:01:58.252"></status>
</kw>
<status status="PASS" starttime="20210303 16:01:58.215" endtime="20210303 16:01:58.252"></status>
</kw>
<kw name="InvalidLogin should be visible" library="Task_Resources">
<kw name="Page Should Contain" library="SeleniumLibrary">
<doc>Verifies that current page contains ``text``.</doc>
<arguments>
<arg>Invalid Credentials</arg>
</arguments>
<msg timestamp="20210303 16:01:58.259" level="INFO">Current page contains text 'Invalid Credentials'.</msg>
<status status="PASS" starttime="20210303 16:01:58.252" endtime="20210303 16:01:58.259"></status>
</kw>
<status status="PASS" starttime="20210303 16:01:58.252" endtime="20210303 16:01:58.260"></status>
</kw>
<status status="PASS" starttime="20210303 16:01:58.089" endtime="20210303 16:01:58.260"></status>
</kw>
<status status="PASS" starttime="20210303 16:01:58.088" endtime="20210303 16:01:58.260" critical="yes"></status>
</test>
<test id="s1-s3-t3" name="InvalidLoginTaskmanager">
<kw name="InvalidLogin user">
<arguments>
<arg>invalid</arg>
<arg>invalid</arg>
</arguments>
<kw name="Open Login Page" library="Task_Resources">
<kw name="Go To" library="SeleniumLibrary">
<doc>Navigates the current browser window to the provided ``url``.</doc>
<arguments>
<arg>${URL}</arg>
</arguments>
<msg timestamp="20210303 16:01:58.262" level="INFO">Opening url 'http://127.0.0.1:5000/'</msg>
<status status="PASS" starttime="20210303 16:01:58.261" endtime="20210303 16:01:58.272"></status>
</kw>
<status status="PASS" starttime="20210303 16:01:58.261" endtime="20210303 16:01:58.273"></status>
</kw>
<kw name="Enter Username" library="Task_Resources">
<arguments>
<arg>${username}</arg>
</arguments>
<kw name="Input Text" library="SeleniumLibrary">
<doc>Types the given ``text`` into the text field identified by ``locator``.</doc>
<arguments>
<arg>name:Uname</arg>
<arg>${username}</arg>
</arguments>
<msg timestamp="20210303 16:01:58.273" level="INFO">Typing text 'invalid' into text field 'name:Uname'.</msg>
<status status="PASS" starttime="20210303 16:01:58.273" endtime="20210303 16:01:58.330"></status>
</kw>
<status status="PASS" starttime="20210303 16:01:58.273" endtime="20210303 16:01:58.330"></status>
</kw>
<kw name="Enter Password" library="Task_Resources">
<arguments>
<arg>${password}</arg>
</arguments>
<kw name="Input Text" library="SeleniumLibrary">
<doc>Types the given ``text`` into the text field identified by ``locator``.</doc>
<arguments>
<arg>name:Pass</arg>
<arg>${password}</arg>
</arguments>
<msg timestamp="20210303 16:01:58.331" level="INFO">Typing text 'invalid' into text field 'name:Pass'.</msg>
<status status="PASS" starttime="20210303 16:01:58.331" endtime="20210303 16:01:58.384"></status>
</kw>
<status status="PASS" starttime="20210303 16:01:58.330" endtime="20210303 16:01:58.385"></status>
</kw>
<kw name="Click Login Button" library="Task_Resources">
<kw name="Click Element" library="SeleniumLibrary">
<doc>Click the element identified by ``locator``.</doc>
<arguments>
<arg>id:login</arg>
</arguments>
<msg timestamp="20210303 16:01:58.385" level="INFO">Clicking element 'id:login'.</msg>
<status status="PASS" starttime="20210303 16:01:58.385" endtime="20210303 16:01:58.422"></status>
</kw>
<status status="PASS" starttime="20210303 16:01:58.385" endtime="20210303 16:01:58.422"></status>
</kw>
<kw name="InvalidLogin should be visible" library="Task_Resources">
<kw name="Page Should Contain" library="SeleniumLibrary">
<doc>Verifies that current page contains ``text``.</doc>
<arguments>
<arg>Invalid Credentials</arg>
</arguments>
<msg timestamp="20210303 16:01:58.429" level="INFO">Current page contains text 'Invalid Credentials'.</msg>
<status status="PASS" starttime="20210303 16:01:58.422" endtime="20210303 16:01:58.429"></status>
</kw>
<status status="PASS" starttime="20210303 16:01:58.422" endtime="20210303 16:01:58.430"></status>
</kw>
<status status="PASS" starttime="20210303 16:01:58.261" endtime="20210303 16:01:58.430"></status>
</kw>
<status status="PASS" starttime="20210303 16:01:58.260" endtime="20210303 16:01:58.430" critical="yes"></status>
</test>
<kw name="Close Browsers" library="Task_Resources" type="teardown">
<kw name="Close All Browsers" library="SeleniumLibrary">
<doc>Closes all open browsers and resets the browser cache.</doc>
<status status="PASS" starttime="20210303 16:01:58.431" endtime="20210303 16:01:58.484"></status>
</kw>
<status status="PASS" starttime="20210303 16:01:58.430" endtime="20210303 16:01:58.484"></status>
</kw>
<status status="PASS" starttime="20210303 16:01:55.420" endtime="20210303 16:01:58.484"></status>
</suite>
<suite id="s1-s4" name="04 Tasks Test Case" source="/home/roshan/workspace/TestingInPython/TaskManagerTesting/TestCases/04_Tasks_Test_Case.robot">
<kw name="Open My Browser" library="Task_Resources" type="setup">
<arguments>
<arg>${URL}</arg>
</arguments>
<kw name="Evaluate" library="BuiltIn">
<doc>Evaluates the given expression in Python and returns the result.</doc>
<arguments>
<arg>sys.modules['selenium.webdriver'].ChromeOptions()</arg>
<arg>sys</arg>
</arguments>
<assign>
<var>${chrome_options}</var>
</assign>
<msg timestamp="20210303 16:01:58.603" level="INFO">${chrome_options} = &lt;selenium.webdriver.chrome.options.Options object at 0x7f001b564a30&gt;</msg>
<status status="PASS" starttime="20210303 16:01:58.602" endtime="20210303 16:01:58.603"></status>
</kw>
<kw name="Call Method" library="BuiltIn">
<doc>Calls the named method of the given object with the provided arguments.</doc>
<arguments>
<arg>${chrome_options}</arg>
<arg>add_argument</arg>
<arg>--disable-dev-shm-usage</arg>
</arguments>
<status status="PASS" starttime="20210303 16:01:58.603" endtime="20210303 16:01:58.603"></status>
</kw>
<kw name="Call Method" library="BuiltIn">
<doc>Calls the named method of the given object with the provided arguments.</doc>
<arguments>
<arg>${chrome_options}</arg>
<arg>add_argument</arg>
<arg>--no-sandbox</arg>
</arguments>
<status status="PASS" starttime="20210303 16:01:58.603" endtime="20210303 16:01:58.603"></status>
</kw>
<kw name="Call Method" library="BuiltIn">
<doc>Calls the named method of the given object with the provided arguments.</doc>
<arguments>
<arg>${chrome_options}</arg>
<arg>add_argument</arg>
<arg>--headless</arg>
</arguments>
<status status="PASS" starttime="20210303 16:01:58.603" endtime="20210303 16:01:58.604"></status>
</kw>
<kw name="Run Keyword If" library="BuiltIn">
<doc>Runs the given keyword with the given arguments, if ``condition`` is true.</doc>
<arguments>
<arg>os.sep == '/'</arg>
<arg>Create Webdriver</arg>
<arg>Chrome</arg>
<arg>my_alias</arg>
<arg>chrome_options=${chrome_options}</arg>
<arg>executable_path=/usr/bin/chromedriver</arg>
<arg>ELSE</arg>
<arg>Create Webdriver</arg>
<arg>Chrome</arg>
<arg>my_alias</arg>
<arg>chrome_options=${chrome_options}</arg>
</arguments>
<kw name="Create Webdriver" library="SeleniumLibrary">
<doc>Creates an instance of Selenium WebDriver.</doc>
<arguments>
<arg>Chrome</arg>
<arg>my_alias</arg>
<arg>chrome_options=${chrome_options}</arg>
<arg>executable_path=/usr/bin/chromedriver</arg>
</arguments>
<msg timestamp="20210303 16:01:58.604" level="INFO">Creating an instance of the Chrome WebDriver.</msg>
<status status="PASS" starttime="20210303 16:01:58.604" endtime="20210303 16:01:59.720"></status>
</kw>
<status status="PASS" starttime="20210303 16:01:58.604" endtime="20210303 16:01:59.720"></status>
</kw>
<kw name="Set Window Size" library="SeleniumLibrary">
<doc>Sets current windows size to given ``width`` and ``height``.</doc>
<arguments>
<arg>1200</arg>
<arg>1000</arg>
</arguments>
<status status="PASS" starttime="20210303 16:01:59.720" endtime="20210303 16:01:59.825"></status>
</kw>
<kw name="Go To" library="SeleniumLibrary">
<doc>Navigates the current browser window to the provided ``url``.</doc>
<arguments>
<arg>${URL}</arg>
</arguments>
<msg timestamp="20210303 16:01:59.826" level="INFO">Opening url 'http://127.0.0.1:5000/'</msg>
<status status="PASS" starttime="20210303 16:01:59.825" endtime="20210303 16:01:59.902"></status>
</kw>
<status status="PASS" starttime="20210303 16:01:58.602" endtime="20210303 16:01:59.902"></status>
</kw>
<test id="s1-s4-t1" name="AddingTaskWithExel">
<kw name="Add Task">
<arguments>
<arg>AWS</arg>
<arg>Time to explore AWS</arg>
<arg>roshan</arg>
<arg>roshan12</arg>
</arguments>
<kw name="Open Login Page" library="Task_Resources">
<kw name="Go To" library="SeleniumLibrary">
<doc>Navigates the current browser window to the provided ``url``.</doc>
<arguments>
<arg>${URL}</arg>
</arguments>
<msg timestamp="20210303 16:01:59.903" level="INFO">Opening url 'http://127.0.0.1:5000/'</msg>
<status status="PASS" starttime="20210303 16:01:59.903" endtime="20210303 16:02:01.086"></status>
</kw>
<status status="PASS" starttime="20210303 16:01:59.903" endtime="20210303 16:02:01.087"></status>
</kw>
<kw name="Enter Username" library="Task_Resources">
<arguments>
<arg>${username}</arg>
</arguments>
<kw name="Input Text" library="SeleniumLibrary">
<doc>Types the given ``text`` into the text field identified by ``locator``.</doc>
<arguments>
<arg>name:Uname</arg>
<arg>${username}</arg>
</arguments>
<msg timestamp="20210303 16:02:01.090" level="INFO">Typing text 'roshan' into text field 'name:Uname'.</msg>
<status status="PASS" starttime="20210303 16:02:01.089" endtime="20210303 16:02:01.169"></status>
</kw>
<status status="PASS" starttime="20210303 16:02:01.087" endtime="20210303 16:02:01.169"></status>
</kw>
<kw name="Enter Password" library="Task_Resources">
<arguments>
<arg>${password}</arg>
</arguments>
<kw name="Input Text" library="SeleniumLibrary">
<doc>Types the given ``text`` into the text field identified by ``locator``.</doc>
<arguments>
<arg>name:Pass</arg>
<arg>${password}</arg>
</arguments>
<msg timestamp="20210303 16:02:01.169" level="INFO">Typing text 'roshan12' into text field 'name:Pass'.</msg>
<status status="PASS" starttime="20210303 16:02:01.169" endtime="20210303 16:02:01.231"></status>
</kw>
<status status="PASS" starttime="20210303 16:02:01.169" endtime="20210303 16:02:01.231"></status>
</kw>
<kw name="Click Login Button" library="Task_Resources">
<kw name="Click Element" library="SeleniumLibrary">
<doc>Click the element identified by ``locator``.</doc>
<arguments>
<arg>id:login</arg>
</arguments>
<msg timestamp="20210303 16:02:01.232" level="INFO">Clicking element 'id:login'.</msg>
<status status="PASS" starttime="20210303 16:02:01.231" endtime="20210303 16:02:01.289"></status>
</kw>
<status status="PASS" starttime="20210303 16:02:01.231" endtime="20210303 16:02:01.290"></status>
</kw>
<kw name="Tasks should be visible" library="Task_Resources">
<kw name="Page Should Contain" library="SeleniumLibrary">
<doc>Verifies that current page contains ``text``.</doc>
<arguments>
<arg>Task Manager</arg>
</arguments>
<msg timestamp="20210303 16:02:01.300" level="INFO">Current page contains text 'Task Manager'.</msg>
<status status="PASS" starttime="20210303 16:02:01.290" endtime="20210303 16:02:01.300"></status>
</kw>
<status status="PASS" starttime="20210303 16:02:01.290" endtime="20210303 16:02:01.300"></status>
</kw>
<kw name="Input TaskName" library="Task_Resources">
<arguments>
<arg>${TaskName}</arg>
</arguments>
<kw name="Input Text" library="SeleniumLibrary">
<doc>Types the given ``text`` into the text field identified by ``locator``.</doc>
<arguments>
<arg>name:name</arg>
<arg>${Taskname}</arg>
</arguments>
<msg timestamp="20210303 16:02:01.301" level="INFO">Typing text 'AWS' into text field 'name:name'.</msg>
<status status="PASS" starttime="20210303 16:02:01.301" endtime="20210303 16:02:01.354"></status>
</kw>
<status status="PASS" starttime="20210303 16:02:01.300" endtime="20210303 16:02:01.354"></status>
</kw>
<kw name="Input TaskDescription" library="Task_Resources">
<arguments>
<arg>${TaskDescription}</arg>
</arguments>
<kw name="Input Text" library="SeleniumLibrary">
<doc>Types the given ``text`` into the text field identified by ``locator``.</doc>
<arguments>
<arg>name:desc</arg>
<arg>${TaskDescription}</arg>
</arguments>
<msg timestamp="20210303 16:02:01.355" level="INFO">Typing text 'Time to explore AWS' into text field 'name:desc'.</msg>
<status status="PASS" starttime="20210303 16:02:01.355" endtime="20210303 16:02:01.414"></status>
</kw>
<status status="PASS" starttime="20210303 16:02:01.355" endtime="20210303 16:02:01.414"></status>
</kw>
<kw name="Click Create Button" library="Task_Resources">
<kw name="Click Element" library="SeleniumLibrary">
<doc>Click the element identified by ``locator``.</doc>
<arguments>
<arg>id:submitCreate</arg>
</arguments>
<msg timestamp="20210303 16:02:01.415" level="INFO">Clicking element 'id:submitCreate'.</msg>
<status status="PASS" starttime="20210303 16:02:01.415" endtime="20210303 16:02:01.462"></status>
</kw>
<status status="PASS" starttime="20210303 16:02:01.414" endtime="20210303 16:02:01.462"></status>
</kw>
<kw name="Tasks should be visible" library="Task_Resources">
<kw name="Page Should Contain" library="SeleniumLibrary">
<doc>Verifies that current page contains ``text``.</doc>
<arguments>
<arg>Task Manager</arg>
</arguments>
<msg timestamp="20210303 16:02:01.469" level="INFO">Current page contains text 'Task Manager'.</msg>
<status status="PASS" starttime="20210303 16:02:01.462" endtime="20210303 16:02:01.470"></status>
</kw>
<status status="PASS" starttime="20210303 16:02:01.462" endtime="20210303 16:02:01.470"></status>
</kw>
<status status="PASS" starttime="20210303 16:01:59.902" endtime="20210303 16:02:01.470"></status>
</kw>
<status status="PASS" starttime="20210303 16:01:59.902" endtime="20210303 16:02:01.470" critical="yes"></status>
</test>
<test id="s1-s4-t2" name="AddingTaskWithExel">
<kw name="Add Task">
<arguments>
<arg>Azure</arg>
<arg>Need To explore Azure</arg>
<arg>roshan</arg>
<arg>roshan12</arg>
</arguments>
<kw name="Open Login Page" library="Task_Resources">
<kw name="Go To" library="SeleniumLibrary">
<doc>Navigates the current browser window to the provided ``url``.</doc>
<arguments>
<arg>${URL}</arg>
</arguments>
<msg timestamp="20210303 16:02:01.471" level="INFO">Opening url 'http://127.0.0.1:5000/'</msg>
<status status="PASS" starttime="20210303 16:02:01.471" endtime="20210303 16:02:01.483"></status>
</kw>
<status status="PASS" starttime="20210303 16:02:01.471" endtime="20210303 16:02:01.483"></status>
</kw>
<kw name="Enter Username" library="Task_Resources">
<arguments>
<arg>${username}</arg>
</arguments>
<kw name="Input Text" library="SeleniumLibrary">
<doc>Types the given ``text`` into the text field identified by ``locator``.</doc>
<arguments>
<arg>name:Uname</arg>
<arg>${username}</arg>
</arguments>
<msg timestamp="20210303 16:02:01.484" level="INFO">Typing text 'roshan' into text field 'name:Uname'.</msg>
<status status="PASS" starttime="20210303 16:02:01.484" endtime="20210303 16:02:01.539"></status>
</kw>
<status status="PASS" starttime="20210303 16:02:01.483" endtime="20210303 16:02:01.539"></status>
</kw>
<kw name="Enter Password" library="Task_Resources">
<arguments>
<arg>${password}</arg>
</arguments>
<kw name="Input Text" library="SeleniumLibrary">
<doc>Types the given ``text`` into the text field identified by ``locator``.</doc>
<arguments>
<arg>name:Pass</arg>
<arg>${password}</arg>
</arguments>
<msg timestamp="20210303 16:02:01.540" level="INFO">Typing text 'roshan12' into text field 'name:Pass'.</msg>
<status status="PASS" starttime="20210303 16:02:01.540" endtime="20210303 16:02:01.597"></status>
</kw>
<status status="PASS" starttime="20210303 16:02:01.540" endtime="20210303 16:02:01.597"></status>
</kw>
<kw name="Click Login Button" library="Task_Resources">
<kw name="Click Element" library="SeleniumLibrary">
<doc>Click the element identified by ``locator``.</doc>
<arguments>
<arg>id:login</arg>
</arguments>
<msg timestamp="20210303 16:02:01.598" level="INFO">Clicking element 'id:login'.</msg>
<status status="PASS" starttime="20210303 16:02:01.598" endtime="20210303 16:02:01.635"></status>
</kw>
<status status="PASS" starttime="20210303 16:02:01.597" endtime="20210303 16:02:01.635"></status>
</kw>
<kw name="Tasks should be visible" library="Task_Resources">
<kw name="Page Should Contain" library="SeleniumLibrary">
<doc>Verifies that current page contains ``text``.</doc>
<arguments>
<arg>Task Manager</arg>
</arguments>
<msg timestamp="20210303 16:02:01.642" level="INFO">Current page contains text 'Task Manager'.</msg>
<status status="PASS" starttime="20210303 16:02:01.635" endtime="20210303 16:02:01.642"></status>
</kw>
<status status="PASS" starttime="20210303 16:02:01.635" endtime="20210303 16:02:01.642"></status>
</kw>
<kw name="Input TaskName" library="Task_Resources">
<arguments>
<arg>${TaskName}</arg>
</arguments>
<kw name="Input Text" library="SeleniumLibrary">
<doc>Types the given ``text`` into the text field identified by ``locator``.</doc>
<arguments>
<arg>name:name</arg>
<arg>${Taskname}</arg>
</arguments>
<msg timestamp="20210303 16:02:01.643" level="INFO">Typing text 'Azure' into text field 'name:name'.</msg>
<status status="PASS" starttime="20210303 16:02:01.643" endtime="20210303 16:02:01.696"></status>
</kw>
<status status="PASS" starttime="20210303 16:02:01.642" endtime="20210303 16:02:01.697"></status>
</kw>
<kw name="Input TaskDescription" library="Task_Resources">
<arguments>
<arg>${TaskDescription}</arg>
</arguments>
<kw name="Input Text" library="SeleniumLibrary">
<doc>Types the given ``text`` into the text field identified by ``locator``.</doc>
<arguments>
<arg>name:desc</arg>
<arg>${TaskDescription}</arg>
</arguments>
<msg timestamp="20210303 16:02:01.697" level="INFO">Typing text 'Need To explore Azure' into text field 'name:desc'.</msg>
<status status="PASS" starttime="20210303 16:02:01.697" endtime="20210303 16:02:01.754"></status>
</kw>
<status status="PASS" starttime="20210303 16:02:01.697" endtime="20210303 16:02:01.754"></status>
</kw>
<kw name="Click Create Button" library="Task_Resources">
<kw name="Click Element" library="SeleniumLibrary">
<doc>Click the element identified by ``locator``.</doc>
<arguments>
<arg>id:submitCreate</arg>
</arguments>
<msg timestamp="20210303 16:02:01.754" level="INFO">Clicking element 'id:submitCreate'.</msg>
<status status="PASS" starttime="20210303 16:02:01.754" endtime="20210303 16:02:01.798"></status>
</kw>
<status status="PASS" starttime="20210303 16:02:01.754" endtime="20210303 16:02:01.798"></status>
</kw>
<kw name="Tasks should be visible" library="Task_Resources">
<kw name="Page Should Contain" library="SeleniumLibrary">
<doc>Verifies that current page contains ``text``.</doc>
<arguments>
<arg>Task Manager</arg>
</arguments>
<msg timestamp="20210303 16:02:01.806" level="INFO">Current page contains text 'Task Manager'.</msg>
<status status="PASS" starttime="20210303 16:02:01.798" endtime="20210303 16:02:01.806"></status>
</kw>
<status status="PASS" starttime="20210303 16:02:01.798" endtime="20210303 16:02:01.806"></status>
</kw>
<status status="PASS" starttime="20210303 16:02:01.471" endtime="20210303 16:02:01.807"></status>
</kw>
<status status="PASS" starttime="20210303 16:02:01.470" endtime="20210303 16:02:01.807" critical="yes"></status>
</test>
<test id="s1-s4-t3" name="AddingTaskWithExel">
<kw name="Add Task">
<arguments>
<arg>linux</arg>
<arg>Have to learn Linux</arg>
<arg>roshan</arg>
<arg>roshan12</arg>
</arguments>
<kw name="Open Login Page" library="Task_Resources">
<kw name="Go To" library="SeleniumLibrary">
<doc>Navigates the current browser window to the provided ``url``.</doc>
<arguments>
<arg>${URL}</arg>
</arguments>
<msg timestamp="20210303 16:02:01.808" level="INFO">Opening url 'http://127.0.0.1:5000/'</msg>
<status status="PASS" starttime="20210303 16:02:01.808" endtime="20210303 16:02:01.820"></status>
</kw>
<status status="PASS" starttime="20210303 16:02:01.808" endtime="20210303 16:02:01.820"></status>
</kw>
<kw name="Enter Username" library="Task_Resources">
<arguments>
<arg>${username}</arg>
</arguments>
<kw name="Input Text" library="SeleniumLibrary">
<doc>Types the given ``text`` into the text field identified by ``locator``.</doc>
<arguments>
<arg>name:Uname</arg>
<arg>${username}</arg>
</arguments>
<msg timestamp="20210303 16:02:01.821" level="INFO">Typing text 'roshan' into text field 'name:Uname'.</msg>
<status status="PASS" starttime="20210303 16:02:01.821" endtime="20210303 16:02:01.880"></status>
</kw>
<status status="PASS" starttime="20210303 16:02:01.820" endtime="20210303 16:02:01.880"></status>
</kw>
<kw name="Enter Password" library="Task_Resources">
<arguments>
<arg>${password}</arg>
</arguments>
<kw name="Input Text" library="SeleniumLibrary">
<doc>Types the given ``text`` into the text field identified by ``locator``.</doc>
<arguments>
<arg>name:Pass</arg>
<arg>${password}</arg>
</arguments>
<msg timestamp="20210303 16:02:01.881" level="INFO">Typing text 'roshan12' into text field 'name:Pass'.</msg>
<status status="PASS" starttime="20210303 16:02:01.881" endtime="20210303 16:02:01.937"></status>
</kw>
<status status="PASS" starttime="20210303 16:02:01.881" endtime="20210303 16:02:01.937"></status>
</kw>
<kw name="Click Login Button" library="Task_Resources">
<kw name="Click Element" library="SeleniumLibrary">
<doc>Click the element identified by ``locator``.</doc>
<arguments>
<arg>id:login</arg>
</arguments>
<msg timestamp="20210303 16:02:01.937" level="INFO">Clicking element 'id:login'.</msg>
<status status="PASS" starttime="20210303 16:02:01.937" endtime="20210303 16:02:01.976"></status>
</kw>
<status status="PASS" starttime="20210303 16:02:01.937" endtime="20210303 16:02:01.976"></status>
</kw>
<kw name="Tasks should be visible" library="Task_Resources">
<kw name="Page Should Contain" library="SeleniumLibrary">
<doc>Verifies that current page contains ``text``.</doc>
<arguments>
<arg>Task Manager</arg>
</arguments>
<msg timestamp="20210303 16:02:01.984" level="INFO">Current page contains text 'Task Manager'.</msg>
<status status="PASS" starttime="20210303 16:02:01.976" endtime="20210303 16:02:01.984"></status>
</kw>
<status status="PASS" starttime="20210303 16:02:01.976" endtime="20210303 16:02:01.984"></status>
</kw>
<kw name="Input TaskName" library="Task_Resources">
<arguments>
<arg>${TaskName}</arg>
</arguments>
<kw name="Input Text" library="SeleniumLibrary">
<doc>Types the given ``text`` into the text field identified by ``locator``.</doc>
<arguments>
<arg>name:name</arg>
<arg>${Taskname}</arg>
</arguments>
<msg timestamp="20210303 16:02:01.985" level="INFO">Typing text 'linux' into text field 'name:name'.</msg>
<status status="PASS" starttime="20210303 16:02:01.985" endtime="20210303 16:02:02.041"></status>
</kw>
<status status="PASS" starttime="20210303 16:02:01.984" endtime="20210303 16:02:02.041"></status>
</kw>
<kw name="Input TaskDescription" library="Task_Resources">
<arguments>
<arg>${TaskDescription}</arg>
</arguments>
<kw name="Input Text" library="SeleniumLibrary">
<doc>Types the given ``text`` into the text field identified by ``locator``.</doc>
<arguments>
<arg>name:desc</arg>
<arg>${TaskDescription}</arg>
</arguments>
<msg timestamp="20210303 16:02:02.042" level="INFO">Typing text 'Have to learn Linux' into text field 'name:desc'.</msg>
<status status="PASS" starttime="20210303 16:02:02.041" endtime="20210303 16:02:02.098"></status>
</kw>
<status status="PASS" starttime="20210303 16:02:02.041" endtime="20210303 16:02:02.099"></status>
</kw>
<kw name="Click Create Button" library="Task_Resources">
<kw name="Click Element" library="SeleniumLibrary">
<doc>Click the element identified by ``locator``.</doc>
<arguments>
<arg>id:submitCreate</arg>
</arguments>
<msg timestamp="20210303 16:02:02.099" level="INFO">Clicking element 'id:submitCreate'.</msg>
<status status="PASS" starttime="20210303 16:02:02.099" endtime="20210303 16:02:02.132"></status>
</kw>
<status status="PASS" starttime="20210303 16:02:02.099" endtime="20210303 16:02:02.132"></status>
</kw>
<kw name="Tasks should be visible" library="Task_Resources">
<kw name="Page Should Contain" library="SeleniumLibrary">
<doc>Verifies that current page contains ``text``.</doc>
<arguments>
<arg>Task Manager</arg>
</arguments>
<msg timestamp="20210303 16:02:02.139" level="INFO">Current page contains text 'Task Manager'.</msg>
<status status="PASS" starttime="20210303 16:02:02.132" endtime="20210303 16:02:02.139"></status>
</kw>
<status status="PASS" starttime="20210303 16:02:02.132" endtime="20210303 16:02:02.139"></status>
</kw>
<status status="PASS" starttime="20210303 16:02:01.808" endtime="20210303 16:02:02.139"></status>
</kw>
<status status="PASS" starttime="20210303 16:02:01.807" endtime="20210303 16:02:02.140" critical="yes"></status>
</test>
<test id="s1-s4-t4" name="AddingTaskWithExel">
<kw name="Add Task">
<arguments>
<arg>Terraform</arg>
<arg>Time to work on Terraform</arg>
<arg>mohit</arg>
<arg>mohit12</arg>
</arguments>
<kw name="Open Login Page" library="Task_Resources">
<kw name="Go To" library="SeleniumLibrary">
<doc>Navigates the current browser window to the provided ``url``.</doc>
<arguments>
<arg>${URL}</arg>
</arguments>
<msg timestamp="20210303 16:02:02.141" level="INFO">Opening url 'http://127.0.0.1:5000/'</msg>
<status status="PASS" starttime="20210303 16:02:02.141" endtime="20210303 16:02:02.154"></status>
</kw>
<status status="PASS" starttime="20210303 16:02:02.141" endtime="20210303 16:02:02.154"></status>
</kw>
<kw name="Enter Username" library="Task_Resources">
<arguments>
<arg>${username}</arg>
</arguments>
<kw name="Input Text" library="SeleniumLibrary">
<doc>Types the given ``text`` into the text field identified by ``locator``.</doc>
<arguments>
<arg>name:Uname</arg>
<arg>${username}</arg>
</arguments>
<msg timestamp="20210303 16:02:02.155" level="INFO">Typing text 'mohit' into text field 'name:Uname'.</msg>
<status status="PASS" starttime="20210303 16:02:02.154" endtime="20210303 16:02:02.214"></status>
</kw>
<status status="PASS" starttime="20210303 16:02:02.154" endtime="20210303 16:02:02.214"></status>
</kw>
<kw name="Enter Password" library="Task_Resources">
<arguments>
<arg>${password}</arg>
</arguments>
<kw name="Input Text" library="SeleniumLibrary">
<doc>Types the given ``text`` into the text field identified by ``locator``.</doc>
<arguments>
<arg>name:Pass</arg>
<arg>${password}</arg>
</arguments>
<msg timestamp="20210303 16:02:02.215" level="INFO">Typing text 'mohit12' into text field 'name:Pass'.</msg>
<status status="PASS" starttime="20210303 16:02:02.215" endtime="20210303 16:02:02.271"></status>
</kw>
<status status="PASS" starttime="20210303 16:02:02.214" endtime="20210303 16:02:02.271"></status>
</kw>
<kw name="Click Login Button" library="Task_Resources">
<kw name="Click Element" library="SeleniumLibrary">
<doc>Click the element identified by ``locator``.</doc>
<arguments>
<arg>id:login</arg>
</arguments>
<msg timestamp="20210303 16:02:02.272" level="INFO">Clicking element 'id:login'.</msg>
<status status="PASS" starttime="20210303 16:02:02.272" endtime="20210303 16:02:02.308"></status>
</kw>
<status status="PASS" starttime="20210303 16:02:02.271" endtime="20210303 16:02:02.308"></status>
</kw>
<kw name="Tasks should be visible" library="Task_Resources">
<kw name="Page Should Contain" library="SeleniumLibrary">
<doc>Verifies that current page contains ``text``.</doc>
<arguments>
<arg>Task Manager</arg>
</arguments>
<msg timestamp="20210303 16:02:02.315" level="INFO">Current page contains text 'Task Manager'.</msg>
<status status="PASS" starttime="20210303 16:02:02.309" endtime="20210303 16:02:02.315"></status>
</kw>
<status status="PASS" starttime="20210303 16:02:02.308" endtime="20210303 16:02:02.316"></status>
</kw>
<kw name="Input TaskName" library="Task_Resources">
<arguments>
<arg>${TaskName}</arg>
</arguments>
<kw name="Input Text" library="SeleniumLibrary">
<doc>Types the given ``text`` into the text field identified by ``locator``.</doc>
<arguments>
<arg>name:name</arg>
<arg>${Taskname}</arg>
</arguments>
<msg timestamp="20210303 16:02:02.316" level="INFO">Typing text 'Terraform' into text field 'name:name'.</msg>
<status status="PASS" starttime="20210303 16:02:02.316" endtime="20210303 16:02:02.382"></status>
</kw>
<status status="PASS" starttime="20210303 16:02:02.316" endtime="20210303 16:02:02.382"></status>
</kw>
<kw name="Input TaskDescription" library="Task_Resources">
<arguments>
<arg>${TaskDescription}</arg>
</arguments>
<kw name="Input Text" library="SeleniumLibrary">
<doc>Types the given ``text`` into the text field identified by ``locator``.</doc>
<arguments>
<arg>name:desc</arg>
<arg>${TaskDescription}</arg>
</arguments>
<msg timestamp="20210303 16:02:02.383" level="INFO">Typing text 'Time to work on Terraform' into text field 'name:desc'.</msg>
<status status="PASS" starttime="20210303 16:02:02.383" endtime="20210303 16:02:02.441"></status>
</kw>
<status status="PASS" starttime="20210303 16:02:02.383" endtime="20210303 16:02:02.441"></status>
</kw>
<kw name="Click Create Button" library="Task_Resources">
<kw name="Click Element" library="SeleniumLibrary">
<doc>Click the element identified by ``locator``.</doc>
<arguments>
<arg>id:submitCreate</arg>
</arguments>
<msg timestamp="20210303 16:02:02.442" level="INFO">Clicking element 'id:submitCreate'.</msg>
<status status="PASS" starttime="20210303 16:02:02.442" endtime="20210303 16:02:02.487"></status>
</kw>
<status status="PASS" starttime="20210303 16:02:02.442" endtime="20210303 16:02:02.487"></status>
</kw>
<kw name="Tasks should be visible" library="Task_Resources">
<kw name="Page Should Contain" library="SeleniumLibrary">
<doc>Verifies that current page contains ``text``.</doc>
<arguments>
<arg>Task Manager</arg>
</arguments>
<msg timestamp="20210303 16:02:02.495" level="INFO">Current page contains text 'Task Manager'.</msg>
<status status="PASS" starttime="20210303 16:02:02.487" endtime="20210303 16:02:02.495"></status>
</kw>
<status status="PASS" starttime="20210303 16:02:02.487" endtime="20210303 16:02:02.495"></status>
</kw>
<status status="PASS" starttime="20210303 16:02:02.140" endtime="20210303 16:02:02.495"></status>
</kw>
<status status="PASS" starttime="20210303 16:02:02.140" endtime="20210303 16:02:02.495" critical="yes"></status>
</test>
<test id="s1-s4-t5" name="AddingTaskWithExel">
<kw name="Add Task">
<arguments>
<arg>Jenkins</arg>
<arg>Time to create jenkins pipeline</arg>
<arg>mohit</arg>
<arg>mohit12</arg>
</arguments>
<kw name="Open Login Page" library="Task_Resources">
<kw name="Go To" library="SeleniumLibrary">
<doc>Navigates the current browser window to the provided ``url``.</doc>
<arguments>
<arg>${URL}</arg>
</arguments>
<msg timestamp="20210303 16:02:02.497" level="INFO">Opening url 'http://127.0.0.1:5000/'</msg>
<status status="PASS" starttime="20210303 16:02:02.497" endtime="20210303 16:02:02.511"></status>
</kw>
<status status="PASS" starttime="20210303 16:02:02.496" endtime="20210303 16:02:02.511"></status>
</kw>
<kw name="Enter Username" library="Task_Resources">
<arguments>
<arg>${username}</arg>
</arguments>
<kw name="Input Text" library="SeleniumLibrary">
<doc>Types the given ``text`` into the text field identified by ``locator``.</doc>
<arguments>
<arg>name:Uname</arg>
<arg>${username}</arg>
</arguments>
<msg timestamp="20210303 16:02:02.512" level="INFO">Typing text 'mohit' into text field 'name:Uname'.</msg>
<status status="PASS" starttime="20210303 16:02:02.512" endtime="20210303 16:02:02.581"></status>
</kw>
<status status="PASS" starttime="20210303 16:02:02.512" endtime="20210303 16:02:02.582"></status>
</kw>
<kw name="Enter Password" library="Task_Resources">
<arguments>
<arg>${password}</arg>
</arguments>
<kw name="Input Text" library="SeleniumLibrary">
<doc>Types the given ``text`` into the text field identified by ``locator``.</doc>
<arguments>
<arg>name:Pass</arg>
<arg>${password}</arg>
</arguments>
<msg timestamp="20210303 16:02:02.582" level="INFO">Typing text 'mohit12' into text field 'name:Pass'.</msg>
<status status="PASS" starttime="20210303 16:02:02.582" endtime="20210303 16:02:02.649"></status>
</kw>
<status status="PASS" starttime="20210303 16:02:02.582" endtime="20210303 16:02:02.649"></status>
</kw>
<kw name="Click Login Button" library="Task_Resources">
<kw name="Click Element" library="SeleniumLibrary">
<doc>Click the element identified by ``locator``.</doc>
<arguments>
<arg>id:login</arg>
</arguments>
<msg timestamp="20210303 16:02:02.650" level="INFO">Clicking element 'id:login'.</msg>
<status status="PASS" starttime="20210303 16:02:02.650" endtime="20210303 16:02:02.695"></status>
</kw>
<status status="PASS" starttime="20210303 16:02:02.650" endtime="20210303 16:02:02.695"></status>
</kw>
<kw name="Tasks should be visible" library="Task_Resources">
<kw name="Page Should Contain" library="SeleniumLibrary">
<doc>Verifies that current page contains ``text``.</doc>
<arguments>
<arg>Task Manager</arg>
</arguments>
<msg timestamp="20210303 16:02:02.702" level="INFO">Current page contains text 'Task Manager'.</msg>
<status status="PASS" starttime="20210303 16:02:02.695" endtime="20210303 16:02:02.702"></status>
</kw>
<status status="PASS" starttime="20210303 16:02:02.695" endtime="20210303 16:02:02.703"></status>
</kw>
<kw name="Input TaskName" library="Task_Resources">
<arguments>
<arg>${TaskName}</arg>
</arguments>
<kw name="Input Text" library="SeleniumLibrary">
<doc>Types the given ``text`` into the text field identified by ``locator``.</doc>
<arguments>
<arg>name:name</arg>
<arg>${Taskname}</arg>
</arguments>
<msg timestamp="20210303 16:02:02.703" level="INFO">Typing text 'Jenkins' into text field 'name:name'.</msg>
<status status="PASS" starttime="20210303 16:02:02.703" endtime="20210303 16:02:02.761"></status>
</kw>
<status status="PASS" starttime="20210303 16:02:02.703" endtime="20210303 16:02:02.761"></status>
</kw>
<kw name="Input TaskDescription" library="Task_Resources">
<arguments>
<arg>${TaskDescription}</arg>
</arguments>
<kw name="Input Text" library="SeleniumLibrary">
<doc>Types the given ``text`` into the text field identified by ``locator``.</doc>
<arguments>
<arg>name:desc</arg>
<arg>${TaskDescription}</arg>
</arguments>
<msg timestamp="20210303 16:02:02.762" level="INFO">Typing text 'Time to create jenkins pipeline' into text field 'name:desc'.</msg>
<status status="PASS" starttime="20210303 16:02:02.762" endtime="20210303 16:02:02.822"></status>
</kw>
<status status="PASS" starttime="20210303 16:02:02.761" endtime="20210303 16:02:02.823"></status>
</kw>
<kw name="Click Create Button" library="Task_Resources">
<kw name="Click Element" library="SeleniumLibrary">
<doc>Click the element identified by ``locator``.</doc>
<arguments>
<arg>id:submitCreate</arg>
</arguments>
<msg timestamp="20210303 16:02:02.823" level="INFO">Clicking element 'id:submitCreate'.</msg>
<status status="PASS" starttime="20210303 16:02:02.823" endtime="20210303 16:02:02.865"></status>
</kw>
<status status="PASS" starttime="20210303 16:02:02.823" endtime="20210303 16:02:02.865"></status>
</kw>
<kw name="Tasks should be visible" library="Task_Resources">
<kw name="Page Should Contain" library="SeleniumLibrary">
<doc>Verifies that current page contains ``text``.</doc>
<arguments>
<arg>Task Manager</arg>
</arguments>
<msg timestamp="20210303 16:02:02.873" level="INFO">Current page contains text 'Task Manager'.</msg>
<status status="PASS" starttime="20210303 16:02:02.865" endtime="20210303 16:02:02.873"></status>
</kw>
<status status="PASS" starttime="20210303 16:02:02.865" endtime="20210303 16:02:02.873"></status>
</kw>
<status status="PASS" starttime="20210303 16:02:02.496" endtime="20210303 16:02:02.873"></status>
</kw>
<status status="PASS" starttime="20210303 16:02:02.496" endtime="20210303 16:02:02.873" critical="yes"></status>
</test>
<test id="s1-s4-t6" name="AddingTaskWithExel">
<kw name="Add Task">
<arguments>
<arg>Kubernetes</arg>
<arg>Time to Create Pods on K8s</arg>
<arg>mohit</arg>
<arg>mohit12</arg>
</arguments>
<kw name="Open Login Page" library="Task_Resources">
<kw name="Go To" library="SeleniumLibrary">
<doc>Navigates the current browser window to the provided ``url``.</doc>
<arguments>
<arg>${URL}</arg>
</arguments>
<msg timestamp="20210303 16:02:02.875" level="INFO">Opening url 'http://127.0.0.1:5000/'</msg>
<status status="PASS" starttime="20210303 16:02:02.874" endtime="20210303 16:02:02.886"></status>
</kw>
<status status="PASS" starttime="20210303 16:02:02.874" endtime="20210303 16:02:02.886"></status>
</kw>
<kw name="Enter Username" library="Task_Resources">
<arguments>
<arg>${username}</arg>
</arguments>
<kw name="Input Text" library="SeleniumLibrary">
<doc>Types the given ``text`` into the text field identified by ``locator``.</doc>
<arguments>
<arg>name:Uname</arg>
<arg>${username}</arg>
</arguments>
<msg timestamp="20210303 16:02:02.886" level="INFO">Typing text 'mohit' into text field 'name:Uname'.</msg>
<status status="PASS" starttime="20210303 16:02:02.886" endtime="20210303 16:02:02.941"></status>
</kw>
<status status="PASS" starttime="20210303 16:02:02.886" endtime="20210303 16:02:02.941"></status>
</kw>
<kw name="Enter Password" library="Task_Resources">
<arguments>
<arg>${password}</arg>
</arguments>
[...]
</kw>
<kw name="Close Browsers" library="Task_Resources" type="teardown">
<kw name="Close All Browsers" library="SeleniumLibrary">
<doc>Closes all open browsers and resets the browser cache.</doc>
<status status="PASS" starttime="20210303 16:02:24.629" endtime="20210303 16:02:24.682"></status>
</kw>
<status status="PASS" starttime="20210303 16:02:24.629" endtime="20210303 16:02:24.682"></status>
</kw>
<status status="PASS" starttime="20210303 16:02:21.911" endtime="20210303 16:02:24.682" critical="yes"></status>
</test>
<test id="s1-s7-t2" name="Test Case to Change Status of Task">
<kw name="Open My Browser" library="Task_Resources" type="setup">
<arguments>
<arg>${URL}</arg>
</arguments>
<kw name="Evaluate" library="BuiltIn">
<doc>Evaluates the given expression in Python and returns the result.</doc>
<arguments>
<arg>sys.modules['selenium.webdriver'].ChromeOptions()</arg>
<arg>sys</arg>
</arguments>
<assign>
<var>${chrome_options}</var>
</assign>
<msg timestamp="20210303 16:02:24.684" level="INFO">${chrome_options} = &lt;selenium.webdriver.chrome.options.Options object at 0x7f001b453d60&gt;</msg>
<status status="PASS" starttime="20210303 16:02:24.684" endtime="20210303 16:02:24.684"></status>
</kw>
<kw name="Call Method" library="BuiltIn">
<doc>Calls the named method of the given object with the provided arguments.</doc>
<arguments>
<arg>${chrome_options}</arg>
<arg>add_argument</arg>
<arg>--disable-dev-shm-usage</arg>
</arguments>
<status status="PASS" starttime="20210303 16:02:24.684" endtime="20210303 16:02:24.684"></status>
</kw>
<kw name="Call Method" library="BuiltIn">
<doc>Calls the named method of the given object with the provided arguments.</doc>
<arguments>
<arg>${chrome_options}</arg>
<arg>add_argument</arg>
<arg>--no-sandbox</arg>
</arguments>
<status status="PASS" starttime="20210303 16:02:24.684" endtime="20210303 16:02:24.684"></status>
</kw>
<kw name="Call Method" library="BuiltIn">
<doc>Calls the named method of the given object with the provided arguments.</doc>
<arguments>
<arg>${chrome_options}</arg>
<arg>add_argument</arg>
<arg>--headless</arg>
</arguments>
<status status="PASS" starttime="20210303 16:02:24.684" endtime="20210303 16:02:24.685"></status>
</kw>
<kw name="Run Keyword If" library="BuiltIn">
<doc>Runs the given keyword with the given arguments, if ``condition`` is true.</doc>
<arguments>
<arg>os.sep == '/'</arg>
<arg>Create Webdriver</arg>
<arg>Chrome</arg>
<arg>my_alias</arg>
<arg>chrome_options=${chrome_options}</arg>
<arg>executable_path=/usr/bin/chromedriver</arg>
<arg>ELSE</arg>
<arg>Create Webdriver</arg>
<arg>Chrome</arg>
<arg>my_alias</arg>
<arg>chrome_options=${chrome_options}</arg>
</arguments>
<kw name="Create Webdriver" library="SeleniumLibrary">
<doc>Creates an instance of Selenium WebDriver.</doc>
<arguments>
<arg>Chrome</arg>
<arg>my_alias</arg>
<arg>chrome_options=${chrome_options}</arg>
<arg>executable_path=/usr/bin/chromedriver</arg>
</arguments>
<msg timestamp="20210303 16:02:24.685" level="INFO">Creating an instance of the Chrome WebDriver.</msg>
<status status="PASS" starttime="20210303 16:02:24.685" endtime="20210303 16:02:25.803"></status>
</kw>
<status status="PASS" starttime="20210303 16:02:24.685" endtime="20210303 16:02:25.803"></status>
</kw>
<kw name="Set Window Size" library="SeleniumLibrary">
<doc>Sets current windows size to given ``width`` and ``height``.</doc>
<arguments>
<arg>1200</arg>
<arg>1000</arg>
</arguments>
<status status="PASS" starttime="20210303 16:02:25.804" endtime="20210303 16:02:25.911"></status>
</kw>
<kw name="Go To" library="SeleniumLibrary">
<doc>Navigates the current browser window to the provided ``url``.</doc>
<arguments>
<arg>${URL}</arg>
</arguments>
<msg timestamp="20210303 16:02:25.912" level="INFO">Opening url 'http://127.0.0.1:5000/'</msg>
<status status="PASS" starttime="20210303 16:02:25.911" endtime="20210303 16:02:25.999"></status>
</kw>
<status status="PASS" starttime="20210303 16:02:24.683" endtime="20210303 16:02:25.999"></status>
</kw>
<kw name="Change Status">
<arguments>
<arg>mohit</arg>
<arg>mohit12</arg>
<arg>6</arg>
</arguments>
<kw name="Open Login Page" library="Task_Resources">
<kw name="Go To" library="SeleniumLibrary">
<doc>Navigates the current browser window to the provided ``url``.</doc>
<arguments>
<arg>${URL}</arg>
</arguments>
<msg timestamp="20210303 16:02:26.000" level="INFO">Opening url 'http://127.0.0.1:5000/'</msg>
<status status="PASS" starttime="20210303 16:02:26.000" endtime="20210303 16:02:27.188"></status>
</kw>
<status status="PASS" starttime="20210303 16:02:26.000" endtime="20210303 16:02:27.188"></status>
</kw>
<kw name="Enter Username" library="Task_Resources">
<arguments>
<arg>${username}</arg>
</arguments>
<kw name="Input Text" library="SeleniumLibrary">
<doc>Types the given ``text`` into the text field identified by ``locator``.</doc>
<arguments>
<arg>name:Uname</arg>
<arg>${username}</arg>
</arguments>
<msg timestamp="20210303 16:02:27.190" level="INFO">Typing text 'mohit' into text field 'name:Uname'.</msg>
<status status="PASS" starttime="20210303 16:02:27.190" endtime="20210303 16:02:27.253"></status>
</kw>
<status status="PASS" starttime="20210303 16:02:27.188" endtime="20210303 16:02:27.253"></status>
</kw>
<kw name="Enter Password" library="Task_Resources">
<arguments>
<arg>${password}</arg>
</arguments>
<kw name="Input Text" library="SeleniumLibrary">
<doc>Types the given ``text`` into the text field identified by ``locator``.</doc>
<arguments>
<arg>name:Pass</arg>
<arg>${password}</arg>
</arguments>
<msg timestamp="20210303 16:02:27.254" level="INFO">Typing text 'mohit12' into text field 'name:Pass'.</msg>
<status status="PASS" starttime="20210303 16:02:27.253" endtime="20210303 16:02:27.314"></status>
</kw>
<status status="PASS" starttime="20210303 16:02:27.253" endtime="20210303 16:02:27.314"></status>
</kw>
<kw name="Click Login Button" library="Task_Resources">
<kw name="Click Element" library="SeleniumLibrary">
<doc>Click the element identified by ``locator``.</doc>
<arguments>
<arg>id:login</arg>
</arguments>
<msg timestamp="20210303 16:02:27.315" level="INFO">Clicking element 'id:login'.</msg>
<status status="PASS" starttime="20210303 16:02:27.315" endtime="20210303 16:02:27.377"></status>
</kw>
<status status="PASS" starttime="20210303 16:02:27.314" endtime="20210303 16:02:27.378"></status>
</kw>
<kw name="Go To" library="SeleniumLibrary">
<doc>Navigates the current browser window to the provided ``url``.</doc>
<arguments>
<arg>${URL}/done/${task_id}/${username}</arg>
</arguments>
<msg timestamp="20210303 16:02:27.378" level="INFO">Opening url 'http://127.0.0.1:5000//done/6/mohit'</msg>
<status status="PASS" starttime="20210303 16:02:27.378" endtime="20210303 16:02:27.395"></status>
</kw>
<kw name="Page Should Contain" library="SeleniumLibrary">
<doc>Verifies that current page contains ``text``.</doc>
<arguments>
<arg>Completed</arg>
</arguments>
<msg timestamp="20210303 16:02:27.406" level="INFO">Current page contains text 'Completed'.</msg>
<status status="PASS" starttime="20210303 16:02:27.395" endtime="20210303 16:02:27.406"></status>
</kw>
<status status="PASS" starttime="20210303 16:02:25.999" endtime="20210303 16:02:27.406"></status>
</kw>
<kw name="Close Browsers" library="Task_Resources" type="teardown">
<kw name="Close All Browsers" library="SeleniumLibrary">
<doc>Closes all open browsers and resets the browser cache.</doc>
<status status="PASS" starttime="20210303 16:02:27.407" endtime="20210303 16:02:27.459"></status>
</kw>
<status status="PASS" starttime="20210303 16:02:27.406" endtime="20210303 16:02:27.460"></status>
</kw>
<status status="PASS" starttime="20210303 16:02:24.683" endtime="20210303 16:02:27.460" critical="yes"></status>
</test>
<test id="s1-s7-t3" name="Test Case to Change Status of Task">
<kw name="Open My Browser" library="Task_Resources" type="setup">
<arguments>
<arg>${URL}</arg>
</arguments>
<kw name="Evaluate" library="BuiltIn">
<doc>Evaluates the given expression in Python and returns the result.</doc>
<arguments>
<arg>sys.modules['selenium.webdriver'].ChromeOptions()</arg>
<arg>sys</arg>
</arguments>
<assign>
<var>${chrome_options}</var>
</assign>
<msg timestamp="20210303 16:02:27.461" level="INFO">${chrome_options} = &lt;selenium.webdriver.chrome.options.Options object at 0x7f001b3f51f0&gt;</msg>
<status status="PASS" starttime="20210303 16:02:27.461" endtime="20210303 16:02:27.461"></status>
</kw>
<kw name="Call Method" library="BuiltIn">
<doc>Calls the named method of the given object with the provided arguments.</doc>
<arguments>
<arg>${chrome_options}</arg>
<arg>add_argument</arg>
<arg>--disable-dev-shm-usage</arg>
</arguments>
<status status="PASS" starttime="20210303 16:02:27.462" endtime="20210303 16:02:27.462"></status>
</kw>
<kw name="Call Method" library="BuiltIn">
<doc>Calls the named method of the given object with the provided arguments.</doc>
<arguments>
<arg>${chrome_options}</arg>
<arg>add_argument</arg>
<arg>--no-sandbox</arg>
</arguments>
<status status="PASS" starttime="20210303 16:02:27.462" endtime="20210303 16:02:27.463"></status>
</kw>
<kw name="Call Method" library="BuiltIn">
<doc>Calls the named method of the given object with the provided arguments.</doc>
<arguments>
<arg>${chrome_options}</arg>
<arg>add_argument</arg>
<arg>--headless</arg>
</arguments>
<status status="PASS" starttime="20210303 16:02:27.463" endtime="20210303 16:02:27.464"></status>
</kw>
<kw name="Run Keyword If" library="BuiltIn">
<doc>Runs the given keyword with the given arguments, if ``condition`` is true.</doc>
<arguments>
<arg>os.sep == '/'</arg>
<arg>Create Webdriver</arg>
<arg>Chrome</arg>
<arg>my_alias</arg>
<arg>chrome_options=${chrome_options}</arg>
<arg>executable_path=/usr/bin/chromedriver</arg>
<arg>ELSE</arg>
<arg>Create Webdriver</arg>
<arg>Chrome</arg>
<arg>my_alias</arg>
<arg>chrome_options=${chrome_options}</arg>
</arguments>
<kw name="Create Webdriver" library="SeleniumLibrary">
<doc>Creates an instance of Selenium WebDriver.</doc>
<arguments>
<arg>Chrome</arg>
<arg>my_alias</arg>
<arg>chrome_options=${chrome_options}</arg>
<arg>executable_path=/usr/bin/chromedriver</arg>
</arguments>
<msg timestamp="20210303 16:02:27.464" level="INFO">Creating an instance of the Chrome WebDriver.</msg>
<status status="PASS" starttime="20210303 16:02:27.464" endtime="20210303 16:02:28.581"></status>
</kw>
<status status="PASS" starttime="20210303 16:02:27.464" endtime="20210303 16:02:28.581"></status>
</kw>
<kw name="Set Window Size" library="SeleniumLibrary">
<doc>Sets current windows size to given ``width`` and ``height``.</doc>
<arguments>
<arg>1200</arg>
<arg>1000</arg>
</arguments>
<status status="PASS" starttime="20210303 16:02:28.582" endtime="20210303 16:02:28.689"></status>
</kw>
<kw name="Go To" library="SeleniumLibrary">
<doc>Navigates the current browser window to the provided ``url``.</doc>
<arguments>
<arg>${URL}</arg>
</arguments>
<msg timestamp="20210303 16:02:28.690" level="INFO">Opening url 'http://127.0.0.1:5000/'</msg>
<status status="PASS" starttime="20210303 16:02:28.689" endtime="20210303 16:02:28.775"></status>
</kw>
<status status="PASS" starttime="20210303 16:02:27.461" endtime="20210303 16:02:28.775"></status>
</kw>
<kw name="Change Status">
<arguments>
<arg>irfan</arg>
<arg>irfan12</arg>
<arg>9</arg>
</arguments>
<kw name="Open Login Page" library="Task_Resources">
<kw name="Go To" library="SeleniumLibrary">
<doc>Navigates the current browser window to the provided ``url``.</doc>
<arguments>
<arg>${URL}</arg>
</arguments>
<msg timestamp="20210303 16:02:28.776" level="INFO">Opening url 'http://127.0.0.1:5000/'</msg>
<status status="PASS" starttime="20210303 16:02:28.776" endtime="20210303 16:02:29.943"></status>
</kw>
<status status="PASS" starttime="20210303 16:02:28.776" endtime="20210303 16:02:29.943"></status>
</kw>
<kw name="Enter Username" library="Task_Resources">
<arguments>
<arg>${username}</arg>
</arguments>
<kw name="Input Text" library="SeleniumLibrary">
<doc>Types the given ``text`` into the text field identified by ``locator``.</doc>
<arguments>
<arg>name:Uname</arg>
<arg>${username}</arg>
</arguments>
<msg timestamp="20210303 16:02:29.944" level="INFO">Typing text 'irfan' into text field 'name:Uname'.</msg>
<status status="PASS" starttime="20210303 16:02:29.944" endtime="20210303 16:02:30.007"></status>
</kw>
<status status="PASS" starttime="20210303 16:02:29.943" endtime="20210303 16:02:30.007"></status>
</kw>
<kw name="Enter Password" library="Task_Resources">
<arguments>
<arg>${password}</arg>
</arguments>
<kw name="Input Text" library="SeleniumLibrary">
<doc>Types the given ``text`` into the text field identified by ``locator``.</doc>
<arguments>
<arg>name:Pass</arg>
<arg>${password}</arg>
</arguments>
<msg timestamp="20210303 16:02:30.007" level="INFO">Typing text 'irfan12' into text field 'name:Pass'.</msg>
<status status="PASS" starttime="20210303 16:02:30.007" endtime="20210303 16:02:30.067"></status>
</kw>
<status status="PASS" starttime="20210303 16:02:30.007" endtime="20210303 16:02:30.067"></status>
</kw>
<kw name="Click Login Button" library="Task_Resources">
<kw name="Click Element" library="SeleniumLibrary">
<doc>Click the element identified by ``locator``.</doc>
<arguments>
<arg>id:login</arg>
</arguments>
<msg timestamp="20210303 16:02:30.068" level="INFO">Clicking element 'id:login'.</msg>
<status status="PASS" starttime="20210303 16:02:30.068" endtime="20210303 16:02:30.132"></status>
</kw>
<status status="PASS" starttime="20210303 16:02:30.067" endtime="20210303 16:02:30.132"></status>
</kw>
<kw name="Go To" library="SeleniumLibrary">
<doc>Navigates the current browser window to the provided ``url``.</doc>
<arguments>
<arg>${URL}/done/${task_id}/${username}</arg>
</arguments>
<msg timestamp="20210303 16:02:30.132" level="INFO">Opening url 'http://127.0.0.1:5000//done/9/irfan'</msg>
<status status="PASS" starttime="20210303 16:02:30.132" endtime="20210303 16:02:30.149"></status>
</kw>
<kw name="Page Should Contain" library="SeleniumLibrary">
<doc>Verifies that current page contains ``text``.</doc>
<arguments>
<arg>Completed</arg>
</arguments>
<msg timestamp="20210303 16:02:30.159" level="INFO">Current page contains text 'Completed'.</msg>
<status status="PASS" starttime="20210303 16:02:30.149" endtime="20210303 16:02:30.159"></status>
</kw>
<status status="PASS" starttime="20210303 16:02:28.776" endtime="20210303 16:02:30.160"></status>
</kw>
<kw name="Close Browsers" library="Task_Resources" type="teardown">
<kw name="Close All Browsers" library="SeleniumLibrary">
<doc>Closes all open browsers and resets the browser cache.</doc>
<status status="PASS" starttime="20210303 16:02:30.160" endtime="20210303 16:02:30.213"></status>
</kw>
<status status="PASS" starttime="20210303 16:02:30.160" endtime="20210303 16:02:30.213"></status>
</kw>
<status status="PASS" starttime="20210303 16:02:27.460" endtime="20210303 16:02:30.213" critical="yes"></status>
</test>
<status status="PASS" starttime="20210303 16:02:21.865" endtime="20210303 16:02:30.214"></status>
</suite>
<status status="PASS" starttime="20210303 16:01:48.284" endtime="20210303 16:02:30.217"></status>
</suite>
<statistics>
<total>
<stat pass="30" fail="0">Critical Tests</stat>
<stat pass="30" fail="0">All Tests</stat>
</total>
<tag>
</tag>
<suite>
<stat pass="30" fail="0" id="s1" name="TestCases">TestCases</stat>
<stat pass="5" fail="0" id="s1-s1" name="01 Register Test Case">TestCases.01 Register Test Case</stat>
<stat pass="3" fail="0" id="s1-s2" name="02 Login Test Case">TestCases.02 Login Test Case</stat>
<stat pass="3" fail="0" id="s1-s3" name="03 InvalidLogin Test Case">TestCases.03 InvalidLogin Test Case</stat>
<stat pass="10" fail="0" id="s1-s4" name="04 Tasks Test Case">TestCases.04 Tasks Test Case</stat>
<stat pass="3" fail="0" id="s1-s5" name="05 Edit Task">TestCases.05 Edit Task</stat>
<stat pass="3" fail="0" id="s1-s6" name="06 Delete Task">TestCases.06 Delete Task</stat>
<stat pass="3" fail="0" id="s1-s7" name="07 Status Test Case">TestCases.07 Status Test Case</stat>
</suite>
</statistics>
<errors>
<msg timestamp="20210303 16:01:51.498" level="WARN">Multiple test cases with name 'RegisterTaskmanager' executed in test suite 'TestCases.01 Register Test Case'.</msg>
<msg timestamp="20210303 16:01:51.672" level="WARN">Multiple test cases with name 'RegisterTaskmanager' executed in test suite 'TestCases.01 Register Test Case'.</msg>
<msg timestamp="20210303 16:01:51.846" level="WARN">Multiple test cases with name 'RegisterTaskmanager' executed in test suite 'TestCases.01 Register Test Case'.</msg>
<msg timestamp="20210303 16:01:52.022" level="WARN">Multiple test cases with name 'RegisterTaskmanager' executed in test suite 'TestCases.01 Register Test Case'.</msg>
<msg timestamp="20210303 16:01:55.019" level="WARN">Multiple test cases with name 'LoginTaskmanager' executed in test suite 'TestCases.02 Login Test Case'.</msg>
<msg timestamp="20210303 16:01:55.194" level="WARN">Multiple test cases with name 'LoginTaskmanager' executed in test suite 'TestCases.02 Login Test Case'.</msg>
<msg timestamp="20210303 16:01:58.088" level="WARN">Multiple test cases with name 'InvalidLoginTaskmanager' executed in test suite 'TestCases.03 InvalidLogin Test Case'.</msg>
<msg timestamp="20210303 16:01:58.260" level="WARN">Multiple test cases with name 'InvalidLoginTaskmanager' executed in test suite 'TestCases.03 InvalidLogin Test Case'.</msg>
<msg timestamp="20210303 16:02:01.470" level="WARN">Multiple test cases with name 'AddingTaskWithExel' executed in test suite 'TestCases.04 Tasks Test Case'.</msg>
<msg timestamp="20210303 16:02:01.807" level="WARN">Multiple test cases with name 'AddingTaskWithExel' executed in test suite 'TestCases.04 Tasks Test Case'.</msg>
<msg timestamp="20210303 16:02:02.140" level="WARN">Multiple test cases with name 'AddingTaskWithExel' executed in test suite 'TestCases.04 Tasks Test Case'.</msg>
<msg timestamp="20210303 16:02:02.495" level="WARN">Multiple test cases with name 'AddingTaskWithExel' executed in test suite 'TestCases.04 Tasks Test Case'.</msg>
<msg timestamp="20210303 16:02:02.873" level="WARN">Multiple test cases with name 'AddingTaskWithExel' executed in test suite 'TestCases.04 Tasks Test Case'.</msg>
<msg timestamp="20210303 16:02:03.217" level="WARN">Multiple test cases with name 'AddingTaskWithExel' executed in test suite 'TestCases.04 Tasks Test Case'.</msg>
<msg timestamp="20210303 16:02:03.557" level="WARN">Multiple test cases with name 'AddingTaskWithExel' executed in test suite 'TestCases.04 Tasks Test Case'.</msg>
<msg timestamp="20210303 16:02:03.903" level="WARN">Multiple test cases with name 'AddingTaskWithExel' executed in test suite 'TestCases.04 Tasks Test Case'.</msg>
<msg timestamp="20210303 16:02:04.244" level="WARN">Multiple test cases with name 'AddingTaskWithExel' executed in test suite 'TestCases.04 Tasks Test Case'.</msg>
<msg timestamp="20210303 16:02:07.630" level="WARN">Multiple test cases with name 'Test case to Edit the Task' executed in test suite 'TestCases.05 Edit Task'.</msg>
<msg timestamp="20210303 16:02:10.533" level="WARN">Multiple test cases with name 'Test case to Edit the Task' executed in test suite 'TestCases.05 Edit Task'.</msg>
<msg timestamp="20210303 16:02:16.291" level="WARN">Multiple test cases with name 'Test Case to Delete Task' executed in test suite 'TestCases.06 Delete Task'.</msg>
<msg timestamp="20210303 16:02:19.094" level="WARN">Multiple test cases with name 'Test Case to Delete Task' executed in test suite 'TestCases.06 Delete Task'.</msg>
<msg timestamp="20210303 16:02:24.683" level="WARN">Multiple test cases with name 'Test Case to Change Status of Task' executed in test suite 'TestCases.07 Status Test Case'.</msg>
<msg timestamp="20210303 16:02:27.460" level="WARN">Multiple test cases with name 'Test Case to Change Status of Task' executed in test suite 'TestCases.07 Status Test Case'.</msg>
</errors>
</robot>
