<?xml version="1.0" encoding="UTF-8"?>
<robot generator="Robot 3.2.2 (Python 3.8.5 on linux)" generated="20210303 17:56:28.450" rpa="false">
<suite id="s1" name="00 Test Case" source="/home/roshan/workspace/TestingInPython/TaskManagerTesting/TestCases/00_Test_Case.robot">
<test id="s1-t1" name="${FILECONTENT}=">
<kw name="Get File" library="OperatingSystem">
<doc>Returns the contents of a specified file.</doc>
<arguments>
<arg>../Resources/creds.txt</arg>
</arguments>
<msg timestamp="20210303 17:56:28.478" level="INFO" html="yes">Getting file '&lt;a href="file:///home/roshan/workspace/TestingInPython/TaskManagerTesting/Resources/creds.txt"&gt;/home/roshan/workspace/TestingInPython/TaskManagerTesting/Resources/creds.txt&lt;/a&gt;'.</msg>
<status status="PASS" starttime="20210303 17:56:28.478" endtime="20210303 17:56:28.478"></status>
</kw>
<status status="PASS" starttime="20210303 17:56:28.477" endtime="20210303 17:56:28.478" critical="yes"></status>
</test>
<test id="s1-t2" name="Log to console">
<kw>
<assign>
<var>${FILECONTENT}</var>
</assign>
<msg timestamp="20210303 17:56:28.479" level="FAIL">Keyword name cannot be empty.</msg>
<status status="FAIL" starttime="20210303 17:56:28.479" endtime="20210303 17:56:28.479"></status>
</kw>
<status status="FAIL" starttime="20210303 17:56:28.478" endtime="20210303 17:56:28.479" critical="yes">Keyword name cannot be empty.</status>
</test>
<test id="s1-t3" name=": FOR">
<kw name="IN">
<arguments>
<arg>${FILECONTENT}</arg>
</arguments>
<assign>
<var>${ELEMENT}</var>
</assign>
<msg timestamp="20210303 17:56:28.481" level="FAIL">No keyword with name 'IN' found.</msg>
<status status="FAIL" starttime="20210303 17:56:28.481" endtime="20210303 17:56:28.481"></status>
</kw>
<status status="FAIL" starttime="20210303 17:56:28.479" endtime="20210303 17:56:28.481" critical="yes">No keyword with name 'IN' found.</status>
</test>
<test id="s1-t4">
<kw name="${ELEMENT}[0]">
<assign>
<var>${NAME}=</var>
</assign>
<msg timestamp="20210303 17:56:28.483" level="FAIL">No keyword with name '${ELEMENT}[0]' found.</msg>
<status status="FAIL" starttime="20210303 17:56:28.483" endtime="20210303 17:56:28.483"></status>
</kw>
<status status="FAIL" starttime="20210303 17:56:28.481" endtime="20210303 17:56:28.483" critical="yes">No keyword with name '${ELEMENT}[0]' found.</status>
</test>
<test id="s1-t5">
<kw name="${ELEMENT}[1]">
<assign>
<var>${CITY}=</var>
</assign>
<msg timestamp="20210303 17:56:28.485" level="FAIL">No keyword with name '${ELEMENT}[1]' found.</msg>
<status status="FAIL" starttime="20210303 17:56:28.485" endtime="20210303 17:56:28.485"></status>
</kw>
<status status="FAIL" starttime="20210303 17:56:28.483" endtime="20210303 17:56:28.485" critical="yes">No keyword with name '${ELEMENT}[1]' found.</status>
</test>
<test id="s1-t6">
<kw name="${ELEMENT}[2]">
<assign>
<var>${ID}=</var>
</assign>
<msg timestamp="20210303 17:56:28.487" level="FAIL">No keyword with name '${ELEMENT}[2]' found.</msg>
<status status="FAIL" starttime="20210303 17:56:28.487" endtime="20210303 17:56:28.487"></status>
</kw>
<status status="FAIL" starttime="20210303 17:56:28.485" endtime="20210303 17:56:28.487" critical="yes">No keyword with name '${ELEMENT}[2]' found.</status>
</test>
<test id="s1-t7">
<kw name="Log To Console" library="BuiltIn">
<doc>Logs the given message to the console.</doc>
<arguments>
<arg>${ELEMENT}</arg>
</arguments>
<msg timestamp="20210303 17:56:28.488" level="FAIL">Variable '${ELEMENT}' not found.</msg>
<status status="FAIL" starttime="20210303 17:56:28.488" endtime="20210303 17:56:28.488"></status>
</kw>
<status status="FAIL" starttime="20210303 17:56:28.487" endtime="20210303 17:56:28.488" critical="yes">Variable '${ELEMENT}' not found.</status>
</test>
<test id="s1-t8" name="Log to console">
<kw name="For loop is over">
<msg timestamp="20210303 17:56:28.490" level="FAIL">No keyword with name 'For loop is over' found.</msg>
<status status="FAIL" starttime="20210303 17:56:28.490" endtime="20210303 17:56:28.490"></status>
</kw>
<status status="FAIL" starttime="20210303 17:56:28.488" endtime="20210303 17:56:28.490" critical="yes">No keyword with name 'For loop is over' found.</status>
</test>
<status status="FAIL" starttime="20210303 17:56:28.451" endtime="20210303 17:56:28.491"></status>
</suite>
<statistics>
<total>
<stat pass="1" fail="7">Critical Tests</stat>
<stat pass="1" fail="7">All Tests</stat>
</total>
<tag>
</tag>
<suite>
<stat pass="1" fail="7" id="s1" name="00 Test Case">00 Test Case</stat>
</suite>
</statistics>
<errors>
<msg timestamp="20210303 17:56:28.477" level="ERROR">Error in file '/home/roshan/workspace/TestingInPython/TaskManagerTesting/TestCases/00_Test_Case.robot' on line 4: Importing test library 'List' failed: ModuleNotFoundError: No module named 'List'
Traceback (most recent call last):
  None
PYTHONPATH:
  /home/roshan/workspace/TestingInPython/TaskManagerWithRobo/robot/bin
  /usr/lib/python38.zip
  /usr/lib/python3.8
  /usr/lib/python3.8/lib-dynload
  /home/roshan/workspace/TestingInPython/TaskManagerWithRobo/robot/lib/python3.8/site-packages</msg>
<msg timestamp="20210303 17:56:28.483" level="WARN">Multiple test cases with name '\' executed in test suite '00 Test Case'.</msg>
<msg timestamp="20210303 17:56:28.485" level="WARN">Multiple test cases with name '\' executed in test suite '00 Test Case'.</msg>
<msg timestamp="20210303 17:56:28.487" level="WARN">Multiple test cases with name '\' executed in test suite '00 Test Case'.</msg>
<msg timestamp="20210303 17:56:28.488" level="WARN">Multiple test cases with name 'Log to console' executed in test suite '00 Test Case'.</msg>
</errors>
</robot>
